# Log started on 2019-06-14, 03:32:17

# Log data, timestamp 03:32:18
Symbol environmental_classifier_class_probabilities: 0.99994; 0.00000; 0.00000; 0.00000; 0.00000; 0.00003; 0.00000
Symbol warppower: 49; 48; 40; 35; 29; 26; 25; 24; 17; 10; 22; 30; 32; 27; 23; 22; 14
Symbol as_mix_bassZeroOrOne: 0.9999998808; 0.0000000000
Symbol as_zoom_amount: 0.0000000000; 0.9999998808
Symbol as_mie_factor: 0.9999998808
Symbol speech_detector_probability: 0.00000
Symbol rear_speech_detector_probability: 0.06784
Symbol noise_detector_probability: 0.00012
Symbol afgc_dir_mix: 0.9999998808; 0.0000000000; 0.0000000000; 0.0000000000; 0.0000000000
Symbol broad_band_power_smoothed: 37.42969
Symbol pnr_env_state: 41.63461; 42.61616; 34.17383; 29.38990; 23.81651; 24.16920; 22.94618; 20.80037; 20.50928; 20.86679; 23.31885; 26.10007; 25.21776; 22.98934; 22.62177; 21.75764; 17.19019
# Log data, timestamp 03:32:19
Symbol environmental_classifier_class_probabilities: 0.99997; 0.00000; 0.00000; 0.00000; 0.00000; 0.00000; 0.00000
Symbol warppower: 39; 39; 28; 21; 24; 23; 21; 25; 26; 26; 28; 28; 25; 15; 16; 20; 18
Symbol as_mix_bassZeroOrOne: 0.9999998808; 0.0000000000
Symbol as_zoom_amount: 0.0000000000; 0.9999998808
Symbol as_mie_factor: 0.9999998808
Symbol speech_detector_probability: 0.00000
Symbol rear_speech_detector_probability: 0.00000
Symbol noise_detector_probability: 0.00012
Symbol afgc_dir_mix: 0.9999998808; 0.0000000000; 0.0000000000; 0.0000000000; 0.0000000000
Symbol broad_band_power_smoothed: 36.53906
Symbol pnr_env_state: 41.79026; 42.05703; 33.53779; 27.58402; 24.45856; 23.09641; 20.16844; 20.25376; 19.46221; 19.69222; 23.60552; 26.27129; 25.18185; 24.00546; 23.13478; 22.60673; 18.77396
# Log data, timestamp 03:32:20
Symbol environmental_classifier_class_probabilities: 0.99985; 0.00000; 0.00000; 0.00000; 0.00000; 0.00012; 0.00000
Symbol warppower: 36; 31; 28; 31; 24; 9; 17; 16; 18; 21; 22; 26; 26; 16; 21; 25; 22
Symbol as_mix_bassZeroOrOne: 0.9999998808; 0.0000000000
Symbol as_zoom_amount: 0.0000000000; 0.9999998808
Symbol as_mie_factor: 0.9999998808
Symbol speech_detector_probability: 0.00000
Symbol rear_speech_detector_probability: 0.00000
Symbol noise_detector_probability: 0.00003
Symbol afgc_dir_mix: 0.9999998808; 0.0000000000; 0.0000000000; 0.0000000000; 0.0000000000
Symbol broad_band_power_smoothed: 36.75000
Symbol pnr_env_state: 42.14438; 42.46588; 34.25006; 28.49030; 25.52428; 23.84055; 22.97277; 25.60266; 24.00023; 21.71970; 23.83099; 26.11426; 25.24883; 22.87367; 23.01989; 22.53702; 17.61531
# Log data, timestamp 03:32:21
Symbol environmental_classifier_class_probabilities: 0.99976; 0.05096; 0.00000; 0.00021; 0.00000; 0.00021; 0.00000
Symbol warppower: 56; 57; 50; 42; 33; 37; 37; 39; 38; 34; 36; 37; 33; 32; 38; 37; 35
Symbol as_mix_bassZeroOrOne: 0.9999998808; 0.0000000000
Symbol as_zoom_amount: 0.0000000000; 0.9999998808
Symbol as_mie_factor: 0.9999998808
Symbol speech_detector_probability: 0.04868
Symbol rear_speech_detector_probability: 0.00000
Symbol noise_detector_probability: 0.00000
Symbol afgc_dir_mix: 0.9999998808; 0.0000000000; 0.0000000000; 0.0000000000; 0.0000000000
Symbol broad_band_power_smoothed: 38.46094
Symbol pnr_env_state: 43.94054; 47.13145; 44.03237; 39.03326; 35.93572; 35.73738; 34.84223; 31.97302; 31.53359; 33.69823; 35.02311; 36.69366; 36.36924; 34.86244; 39.03936; 41.85238; 36.79839
# Log data, timestamp 03:32:22
Symbol environmental_classifier_class_probabilities: 0.99994; 0.11221; 0.00000; 0.00003; 0.00000; 0.00003; 0.00000
Symbol warppower: 47; 46; 38; 39; 35; 32; 33; 27; 30; 31; 32; 37; 35; 21; 29; 29; 20
Symbol as_mix_bassZeroOrOne: 0.9999998808; 0.0000000000
Symbol as_zoom_amount: 0.0000000000; 0.9999998808
Symbol as_mie_factor: 0.9999998808
Symbol speech_detector_probability: 0.11023
Symbol rear_speech_detector_probability: 0.00000
Symbol noise_detector_probability: 0.00000
Symbol afgc_dir_mix: 0.9999998808; 0.0000000000; 0.0000000000; 0.0000000000; 0.0000000000
Symbol broad_band_power_smoothed: 41.29688
Symbol pnr_env_state: 41.04893; 41.99452; 35.57889; 32.96031; 32.38508; 29.37294; 27.25607; 26.35557; 28.76859; 31.10091; 34.10613; 35.28336; 32.51572; 26.69161; 26.71397; 26.02806; 20.92669
# Log data, timestamp 03:32:23
Symbol environmental_classifier_class_probabilities: 0.99994; 0.00845; 0.00000; 0.00003; 0.00000; 0.00003; 0.00000
Symbol warppower: 33; 39; 36; 28; 29; 27; 22; 20; 25; 26; 30; 34; 31; 18; 26; 28; 21
Symbol as_mix_bassZeroOrOne: 0.9999998808; 0.0000000000
Symbol as_zoom_amount: 0.0000000000; 0.9999998808
Symbol as_mie_factor: 0.9999998808
Symbol speech_detector_probability: 0.00601
Symbol rear_speech_detector_probability: 0.00000
Symbol noise_detector_probability: 0.00003
Symbol afgc_dir_mix: 0.9999998808; 0.0000000000; 0.0000000000; 0.0000000000; 0.0000000000
Symbol broad_band_power_smoothed: 38.90625
Symbol pnr_env_state: 41.96897; 42.63026; 34.52140; 28.44289; 25.75952; 25.71658; 22.66338; 22.14107; 23.52966; 24.69586; 25.46911; 26.37493; 25.90331; 23.41051; 23.20498; 23.64248; 16.56384
# Log data, timestamp 03:32:25
Symbol environmental_classifier_class_probabilities: 0.99994; 0.00000; 0.00000; 0.00000; 0.00000; 0.00003; 0.00000
Symbol warppower: 40; 37; 32; 32; 32; 30; 23; 22; 19; 17; 17; 25; 24; 18; 22; 25; 16
Symbol as_mix_bassZeroOrOne: 0.9999998808; 0.0000000000
Symbol as_zoom_amount: 0.0000000000; 0.9999998808
Symbol as_mie_factor: 0.9999998808
Symbol speech_detector_probability: 0.00000
Symbol rear_speech_detector_probability: 0.00000
Symbol noise_detector_probability: 0.00000
Symbol afgc_dir_mix: 0.9999998808; 0.0000000000; 0.0000000000; 0.0000000000; 0.0000000000
Symbol broad_band_power_smoothed: 38.83594
Symbol pnr_env_state: 41.35704; 42.39554; 35.04054; 29.52009; 26.63455; 25.10165; 26.50674; 28.32184; 25.61085; 24.67495; 25.46464; 27.63808; 25.94248; 23.26647; 23.72817; 25.22909; 20.86413
# Log data, timestamp 03:32:26
Symbol environmental_classifier_class_probabilities: 0.99985; 0.00000; 0.00000; 0.00000; 0.00000; 0.00012; 0.00000
Symbol warppower: 40; 39; 31; 27; 22; 22; 23; 16; 18; 24; 25; 26; 25; 28; 27; 22; 21
Symbol as_mix_bassZeroOrOne: 0.9999998808; 0.0000000000
Symbol as_zoom_amount: 0.0000000000; 0.9999998808
Symbol as_mie_factor: 0.9999998808
Symbol speech_detector_probability: 0.00000
Symbol rear_speech_detector_probability: 0.00000
Symbol noise_detector_probability: 0.00003
Symbol afgc_dir_mix: 0.9999998808; 0.0000000000; 0.0000000000; 0.0000000000; 0.0000000000
Symbol broad_band_power_smoothed: 37.59375
Symbol pnr_env_state: 41.19707; 42.12381; 33.57221; 28.41879; 26.55902; 24.64080; 22.50786; 20.37966; 20.38846; 21.20272; 24.36335; 27.00494; 25.22647; 23.00333; 22.85732; 21.86809; 17.30253
# Log data, timestamp 03:32:27
Symbol environmental_classifier_class_probabilities: 0.99985; 0.00000; 0.00000; 0.00000; 0.00000; 0.00012; 0.00000
Symbol warppower: 32; 36; 33; 26; 27; 28; 33; 34; 29; 22; 24; 27; 28; 26; 22; 20; 20
Symbol as_mix_bassZeroOrOne: 0.9999998808; 0.0000000000
Symbol as_zoom_amount: 0.0000000000; 0.9999998808
Symbol as_mie_factor: 0.9999998808
Symbol speech_detector_probability: 0.00000
Symbol rear_speech_detector_probability: 0.00000
Symbol noise_detector_probability: 0.00000
Symbol afgc_dir_mix: 0.9999998808; 0.0000000000; 0.0000000000; 0.0000000000; 0.0000000000
Symbol broad_band_power_smoothed: 36.84375
Symbol pnr_env_state: 42.70901; 42.49511; 34.12580; 29.06462; 25.81958; 24.78067; 23.67326; 20.64204; 20.51818; 22.06684; 23.82384; 26.88385; 26.26494; 22.81945; 22.74070; 20.25822; 17.76919
# Log data, timestamp 03:32:28
Symbol environmental_classifier_class_probabilities: 0.99997; 0.00000; 0.00000; 0.00000; 0.00000; 0.00000; 0.00000
Symbol warppower: 40; 40; 31; 33; 33; 30; 23; 24; 25; 22; 19; 17; 21; 21; 22; 23; 26
Symbol as_mix_bassZeroOrOne: 0.9999998808; 0.0000000000
Symbol as_zoom_amount: 0.0000000000; 0.9999998808
Symbol as_mie_factor: 0.9999998808
Symbol speech_detector_probability: 0.00000
Symbol rear_speech_detector_probability: 0.00000
Symbol noise_detector_probability: 0.00021
Symbol afgc_dir_mix: 0.9999998808; 0.0000000000; 0.0000000000; 0.0000000000; 0.0000000000
Symbol broad_band_power_smoothed: 37.31250
Symbol pnr_env_state: 41.51740; 42.20015; 34.02259; 27.95451; 24.74066; 25.39015; 22.74887; 21.33704; 21.46571; 21.70603; 23.49670; 25.72983; 25.10587; 23.36676; 23.37663; 22.41228; 18.16970
# Log data, timestamp 03:32:29
Symbol environmental_classifier_class_probabilities: 0.99976; 0.00000; 0.00000; 0.00000; 0.00000; 0.00021; 0.00000
Symbol warppower: 43; 43; 35; 30; 22; 19; 20; 22; 18; 18; 25; 29; 23; 20; 24; 20; 19
Symbol as_mix_bassZeroOrOne: 0.9999998808; 0.0000000000
Symbol as_zoom_amount: 0.0000000000; 0.9999998808
Symbol as_mie_factor: 0.9999998808
Symbol speech_detector_probability: 0.00000
Symbol rear_speech_detector_probability: 0.00000
Symbol noise_detector_probability: 0.00003
Symbol afgc_dir_mix: 0.9999998808; 0.0000000000; 0.0000000000; 0.0000000000; 0.0000000000
Symbol broad_band_power_smoothed: 37.50000
Symbol pnr_env_state: 42.23159; 42.72194; 34.50453; 28.23675; 25.94144; 25.43115; 23.16525; 21.95825; 20.41650; 20.74293; 23.65853; 26.68917; 24.56169; 21.56942; 22.86957; 22.46866; 16.85028
# Log data, timestamp 03:32:30
Symbol environmental_classifier_class_probabilities: 0.99994; 0.05188; 0.00000; 0.00003; 0.00000; 0.00003; 0.00000
Symbol warppower: 25; 38; 31; 23; 22; 21; 21; 21; 17; 18; 24; 25; 22; 22; 27; 28; 21
Symbol as_mix_bassZeroOrOne: 0.9999998808; 0.0000000000
Symbol as_zoom_amount: 0.0000000000; 0.9999998808
Symbol as_mie_factor: 0.9999998808
Symbol speech_detector_probability: 0.06027
Symbol rear_speech_detector_probability: 0.00000
Symbol noise_detector_probability: 0.00012
Symbol afgc_dir_mix: 0.9999998808; 0.0000000000; 0.0000000000; 0.0000000000; 0.0000000000
Symbol broad_band_power_smoothed: 38.97656
Symbol pnr_env_state: 41.75284; 42.70195; 34.91991; 30.12927; 27.37952; 25.67513; 24.49352; 21.25627; 20.89503; 22.03572; 23.96422; 26.30145; 24.97587; 24.36580; 24.43563; 24.45577; 19.71394
# Log data, timestamp 03:32:31
Symbol environmental_classifier_class_probabilities: 0.99997; 0.14868; 0.00000; 0.00000; 0.00000; 0.00000; 0.00000
Symbol warppower: 30; 41; 41; 36; 23; 23; 24; 21; 18; 23; 20; 27; 27; 20; 19; 18; 17
Symbol as_mix_bassZeroOrOne: 0.9999998808; 0.0000000000
Symbol as_zoom_amount: 0.0000000000; 0.9999998808
Symbol as_mie_factor: 0.9999998808
Symbol speech_detector_probability: 0.14685
Symbol rear_speech_detector_probability: 0.00000
Symbol noise_detector_probability: 0.00000
Symbol afgc_dir_mix: 0.9999998808; 0.0000000000; 0.0000000000; 0.0000000000; 0.0000000000
Symbol broad_band_power_smoothed: 41.25000
Symbol pnr_env_state: 41.72658; 42.79025; 36.35184; 32.73238; 27.87130; 26.23817; 25.95271; 27.07985; 27.39096; 26.77958; 27.50584; 29.44087; 28.10503; 24.84591; 24.19139; 23.91229; 17.95598
# Log data, timestamp 03:32:32
Symbol environmental_classifier_class_probabilities: 0.99997; 0.04187; 0.00000; 0.00000; 0.00000; 0.00000; 0.00000
Symbol warppower: 53; 52; 41; 30; 24; 23; 22; 22; 23; 22; 22; 29; 29; 26; 27; 24; 20
Symbol as_mix_bassZeroOrOne: 0.9999998808; 0.0000000000
Symbol as_zoom_amount: 0.0000000000; 0.9999998808
Symbol as_mie_factor: 0.9999998808
Symbol speech_detector_probability: 0.03973
Symbol rear_speech_detector_probability: 0.00000
Symbol noise_detector_probability: 0.00021
Symbol afgc_dir_mix: 0.9999998808; 0.0000000000; 0.0000000000; 0.0000000000; 0.0000000000
Symbol broad_band_power_smoothed: 40.14844
Symbol pnr_env_state: 44.13130; 44.12393; 35.01102; 30.89436; 26.55666; 24.00150; 22.36909; 22.20478; 23.10804; 24.25920; 26.13667; 29.69443; 28.61662; 24.86710; 24.63348; 23.86058; 18.08898
# Log data, timestamp 03:32:33
Symbol environmental_classifier_class_probabilities: 0.99997; 0.00000; 0.00000; 0.00000; 0.00000; 0.00000; 0.00000
Symbol warppower: 46; 45; 34; 26; 24; 20; 19; 19; 17; 20; 26; 25; 20; 24; 22; 15; 18
Symbol as_mix_bassZeroOrOne: 0.9999998808; 0.0000000000
Symbol as_zoom_amount: 0.0000000000; 0.9999998808
Symbol as_mie_factor: 0.9999998808
Symbol speech_detector_probability: 0.00000
Symbol rear_speech_detector_probability: 0.00000
Symbol noise_detector_probability: 0.00000
Symbol afgc_dir_mix: 0.9999998808; 0.0000000000; 0.0000000000; 0.0000000000; 0.0000000000
Symbol broad_band_power_smoothed: 39.16406
Symbol pnr_env_state: 47.51406; 47.46348; 37.72820; 30.72993; 28.16401; 24.85326; 23.20065; 21.11899; 20.41612; 21.76870; 24.64778; 26.74958; 25.86216; 23.08566; 22.98791; 22.31485; 17.12048
# Log data, timestamp 03:32:34
Symbol environmental_classifier_class_probabilities: 0.99997; 0.00000; 0.00000; 0.00000; 0.00000; 0.00000; 0.00000
Symbol warppower: 48; 47; 40; 33; 23; 17; 23; 26; 21; 23; 25; 22; 24; 27; 25; 14; 23
Symbol as_mix_bassZeroOrOne: 0.9999998808; 0.0000000000
Symbol as_zoom_amount: 0.0000000000; 0.9999998808
Symbol as_mie_factor: 0.9999998808
Symbol speech_detector_probability: 0.00000
Symbol rear_speech_detector_probability: 0.08148
Symbol noise_detector_probability: 0.00003
Symbol afgc_dir_mix: 0.9999998808; 0.0000000000; 0.0000000000; 0.0000000000; 0.0000000000
Symbol broad_band_power_smoothed: 39.00000
Symbol pnr_env_state: 41.38857; 42.53074; 35.57563; 31.46158; 31.64657; 33.45677; 29.91958; 28.47522; 25.03648; 23.25729; 24.32844; 26.59109; 25.79913; 23.23522; 22.90735; 22.39802; 18.06868
# Log data, timestamp 03:32:36
Symbol environmental_classifier_class_probabilities: 0.99997; 0.00000; 0.00000; 0.00000; 0.00000; 0.00000; 0.00000
Symbol warppower: 41; 41; 32; 25; 14; 23; 23; 21; 20; 17; 23; 29; 27; 18; 18; 25; 12
Symbol as_mix_bassZeroOrOne: 0.9999998808; 0.0000000000
Symbol as_zoom_amount: 0.0000000000; 0.9999998808
Symbol as_mie_factor: 0.9999998808
Symbol speech_detector_probability: 0.00000
Symbol rear_speech_detector_probability: 0.00000
Symbol noise_detector_probability: 0.00003
Symbol afgc_dir_mix: 0.9999998808; 0.0000000000; 0.0000000000; 0.0000000000; 0.0000000000
Symbol broad_band_power_smoothed: 37.99219
Symbol pnr_env_state: 40.68092; 41.73268; 34.07760; 28.16237; 24.55482; 23.14344; 21.78109; 20.87000; 20.57576; 21.63047; 25.05721; 27.16593; 25.59623; 22.89561; 22.95995; 22.11993; 17.79143
# Log data, timestamp 03:32:37
Symbol environmental_classifier_class_probabilities: 0.99985; 0.02243; 0.00000; 0.00012; 0.00000; 0.00012; 0.00000
Symbol warppower: 48; 47; 37; 34; 32; 30; 28; 27; 32; 29; 32; 35; 33; 33; 38; 38; 34
Symbol as_mix_bassZeroOrOne: 0.9999998808; 0.0000000000
Symbol as_zoom_amount: 0.0000000000; 0.9999998808
Symbol as_mie_factor: 0.9999998808
Symbol speech_detector_probability: 0.02060
Symbol rear_speech_detector_probability: 0.00000
Symbol noise_detector_probability: 0.00012
Symbol afgc_dir_mix: 0.9999998808; 0.0000000000; 0.0000000000; 0.0000000000; 0.0000000000
Symbol broad_band_power_smoothed: 41.10938
Symbol pnr_env_state: 41.80626; 42.91408; 35.75529; 31.19941; 27.91349; 26.39371; 26.98567; 27.10111; 26.93494; 27.50053; 29.92171; 32.79413; 33.72663; 30.74362; 31.87090; 34.42726; 28.68014
# Log data, timestamp 03:32:38
Symbol environmental_classifier_class_probabilities: 0.99997; 0.02777; 0.00000; 0.00000; 0.00000; 0.00000; 0.00000
Symbol warppower: 25; 37; 40; 35; 31; 30; 34; 35; 31; 32; 30; 27; 25; 19; 21; 23; 18
Symbol as_mix_bassZeroOrOne: 0.9999998808; 0.0000000000
Symbol as_zoom_amount: 0.0000000000; 0.9999998808
Symbol as_mie_factor: 0.9999998808
Symbol speech_detector_probability: 0.02487
Symbol rear_speech_detector_probability: 0.00000
Symbol noise_detector_probability: 0.00021
Symbol afgc_dir_mix: 0.9999998808; 0.0000000000; 0.0000000000; 0.0000000000; 0.0000000000
Symbol broad_band_power_smoothed: 40.80469
Symbol pnr_env_state: 41.04350; 42.93968; 37.66205; 33.09531; 31.56602; 27.89983; 25.87923; 27.35013; 27.29149; 26.44189; 27.07614; 27.66174; 27.11842; 24.99713; 25.54894; 24.82704; 21.10942
# Log data, timestamp 03:32:39
Symbol environmental_classifier_class_probabilities: 0.99997; 0.00000; 0.00000; 0.00000; 0.00000; 0.00000; 0.00000
Symbol warppower: 41; 41; 31; 30; 31; 29; 24; 22; 26; 24; 17; 22; 25; 22; 22; 28; 6
Symbol as_mix_bassZeroOrOne: 0.9999998808; 0.0000000000
Symbol as_zoom_amount: 0.0000000000; 0.9999998808
Symbol as_mie_factor: 0.9999998808
Symbol speech_detector_probability: 0.00000
Symbol rear_speech_detector_probability: 0.00000
Symbol noise_detector_probability: 0.00012
Symbol afgc_dir_mix: 0.9999998808; 0.0000000000; 0.0000000000; 0.0000000000; 0.0000000000
Symbol broad_band_power_smoothed: 39.58594
Symbol pnr_env_state: 41.98120; 42.83718; 35.62938; 31.00976; 31.23871; 34.05366; 35.02466; 37.80623; 37.39887; 33.90723; 34.07168; 36.46258; 34.21796; 26.74840; 24.11125; 22.44475; 16.68169
# Log data, timestamp 03:32:40
Symbol environmental_classifier_class_probabilities: 0.99994; 0.00000; 0.00000; 0.00000; 0.00000; 0.00003; 0.00000
Symbol warppower: 45; 45; 43; 43; 40; 32; 39; 43; 40; 43; 47; 43; 37; 39; 35; 32; 27
Symbol as_mix_bassZeroOrOne: 0.9999998808; 0.0000000000
Symbol as_zoom_amount: 0.0000000000; 0.9999998808
Symbol as_mie_factor: 0.9999998808
Symbol speech_detector_probability: 0.00000
Symbol rear_speech_detector_probability: 0.00824
Symbol noise_detector_probability: 0.00000
Symbol afgc_dir_mix: 0.9999998808; 0.0000000000; 0.0000000000; 0.0000000000; 0.0000000000
Symbol broad_band_power_smoothed: 39.42188
Symbol pnr_env_state: 41.52740; 42.37515; 35.37611; 32.50157; 34.18952; 36.63887; 37.19163; 38.91771; 36.30359; 35.76682; 41.12924; 44.52597; 41.48120; 38.43773; 38.58157; 36.48697; 28.37078
# Log data, timestamp 03:32:41
Symbol environmental_classifier_class_probabilities: 0.99997; 0.00000; 0.00000; 0.00000; 0.00000; 0.00000; 0.00000
Symbol warppower: 51; 50; 40; 30; 27; 25; 27; 28; 27; 23; 22; 25; 27; 26; 27; 24; 17
Symbol as_mix_bassZeroOrOne: 0.9999998808; 0.0000000000
Symbol as_zoom_amount: 0.0000000000; 0.9999998808
Symbol as_mie_factor: 0.9999998808
Symbol speech_detector_probability: 0.00000
Symbol rear_speech_detector_probability: 0.03998
Symbol noise_detector_probability: 0.00000
Symbol afgc_dir_mix: 0.9999998808; 0.0000000000; 0.0000000000; 0.0000000000; 0.0000000000
Symbol broad_band_power_smoothed: 39.02344
Symbol pnr_env_state: 42.42288; 43.14145; 34.19345; 28.45771; 25.40491; 24.63504; 23.10237; 22.51580; 22.71570; 22.47007; 24.51604; 26.96397; 25.72993; 23.57675; 23.63586; 22.37906; 18.08254
# Log data, timestamp 03:32:42
Symbol environmental_classifier_class_probabilities: 0.99997; 0.02441; 0.00000; 0.00000; 0.00000; 0.00000; 0.00000
Symbol warppower: 41; 41; 31; 35; 37; 34; 32; 31; 24; 22; 27; 25; 25; 22; 20; 21; 14
Symbol as_mix_bassZeroOrOne: 0.9999998808; 0.0000000000
Symbol as_zoom_amount: 0.0000000000; 0.9999998808
Symbol as_mie_factor: 0.9999998808
Symbol speech_detector_probability: 0.03601
Symbol rear_speech_detector_probability: 0.00000
Symbol noise_detector_probability: 0.00000
Symbol afgc_dir_mix: 0.9999998808; 0.0000000000; 0.0000000000; 0.0000000000; 0.0000000000
Symbol broad_band_power_smoothed: 40.19531
Symbol pnr_env_state: 42.03360; 43.61401; 36.02957; 30.74661; 28.12649; 25.85146; 25.29544; 24.85644; 24.20801; 23.27961; 24.66126; 26.34054; 25.94239; 23.96342; 23.62050; 22.82581; 18.37242
# Log data, timestamp 03:32:43
Symbol environmental_classifier_class_probabilities: 0.99997; 0.21744; 0.00000; 0.00000; 0.00000; 0.00000; 0.00000
Symbol warppower: 47; 46; 36; 27; 24; 20; 25; 22; 27; 29; 27; 28; 26; 20; 25; 26; 13
Symbol as_mix_bassZeroOrOne: 0.9999998808; 0.0000000000
Symbol as_zoom_amount: 0.0000000000; 0.9999998808
Symbol as_mie_factor: 0.9999998808
Symbol speech_detector_probability: 0.22476
Symbol rear_speech_detector_probability: 0.09729
Symbol noise_detector_probability: 0.00000
Symbol afgc_dir_mix: 0.9999998808; 0.0000000000; 0.0000000000; 0.0000000000; 0.0000000000
Symbol broad_band_power_smoothed: 42.23438
Symbol pnr_env_state: 41.83049; 42.72367; 35.68270; 28.81677; 26.77127; 25.87626; 24.57500; 23.42846; 23.18691; 23.85790; 25.65154; 27.63837; 26.53270; 24.64227; 24.71001; 23.47046; 17.75271
# Log data, timestamp 03:32:44
Symbol environmental_classifier_class_probabilities: 0.99976; 0.24945; 0.00000; 0.00021; 0.00000; 0.00021; 0.00000
Symbol warppower: 30; 38; 38; 33; 15; 16; 24; 26; 26; 24; 26; 32; 31; 26; 25; 26; 25
Symbol as_mix_bassZeroOrOne: 0.9999998808; 0.0000000000
Symbol as_zoom_amount: 0.0000000000; 0.9999998808
Symbol as_mie_factor: 0.9999998808
Symbol speech_detector_probability: 0.24731
Symbol rear_speech_detector_probability: 0.08466
Symbol noise_detector_probability: 0.00000
Symbol afgc_dir_mix: 0.9999998808; 0.0000000000; 0.0000000000; 0.0000000000; 0.0000000000
Symbol broad_band_power_smoothed: 40.96875
Symbol pnr_env_state: 41.17652; 42.48939; 35.99720; 31.12129; 28.02442; 26.04776; 25.27246; 23.02337; 24.87030; 26.28587; 27.06758; 28.37763; 27.64718; 26.00114; 25.44308; 23.96235; 19.96486
# Log data, timestamp 03:32:45
Symbol environmental_classifier_class_probabilities: 0.99976; 0.14417; 0.00000; 0.00021; 0.00000; 0.00021; 0.00000
Symbol warppower: 45; 44; 34; 31; 27; 25; 20; 21; 21; 18; 22; 27; 24; 18; 23; 23; 16
Symbol as_mix_bassZeroOrOne: 0.9999998808; 0.0000000000
Symbol as_zoom_amount: 0.0000000000; 0.9999998808
Symbol as_mie_factor: 0.9999998808
Symbol speech_detector_probability: 0.14218
Symbol rear_speech_detector_probability: 0.00000
Symbol noise_detector_probability: 0.00003
Symbol afgc_dir_mix: 0.9999998808; 0.0000000000; 0.0000000000; 0.0000000000; 0.0000000000
Symbol broad_band_power_smoothed: 39.02344
Symbol pnr_env_state: 41.50899; 42.15283; 34.91857; 29.33682; 26.19737; 24.81224; 24.03790; 23.35643; 22.94439; 23.92023; 25.12465; 27.44245; 26.06662; 23.34201; 24.16412; 24.33969; 18.23050
# Log data, timestamp 03:32:46
Symbol environmental_classifier_class_probabilities: 0.99997; 0.04163; 0.00000; 0.00003; 0.00000; 0.00003; 0.00000
Symbol warppower: 46; 48; 41; 29; 21; 16; 5; 19; 22; 19; 20; 28; 28; 26; 25; 23; 15
Symbol as_mix_bassZeroOrOne: 0.9999998808; 0.0000000000
Symbol as_zoom_amount: 0.0000000000; 0.9999998808
Symbol as_mie_factor: 0.9999998808
Symbol speech_detector_probability: 0.03949
Symbol rear_speech_detector_probability: 0.00000
Symbol noise_detector_probability: 0.00000
Symbol afgc_dir_mix: 0.9999998808; 0.0000000000; 0.0000000000; 0.0000000000; 0.0000000000
Symbol broad_band_power_smoothed: 37.78125
Symbol pnr_env_state: 41.54852; 42.31276; 34.69642; 28.37836; 24.40591; 23.97615; 21.63247; 20.22763; 19.88169; 21.36855; 23.52711; 25.90287; 24.47447; 23.15207; 23.11791; 22.40256; 17.86723
# Log data, timestamp 03:32:47
Symbol environmental_classifier_class_probabilities: 0.99997; 0.00000; 0.00000; 0.00000; 0.00000; 0.00000; 0.00000
Symbol warppower: 44; 46; 38; 28; 29; 28; 23; 15; 24; 28; 30; 32; 29; 26; 30; 27; 15
Symbol as_mix_bassZeroOrOne: 0.9999998808; 0.0000000000
Symbol as_zoom_amount: 0.0000000000; 0.9999998808
Symbol as_mie_factor: 0.9999998808
Symbol speech_detector_probability: 0.00000
Symbol rear_speech_detector_probability: 0.07065
Symbol noise_detector_probability: 0.00000
Symbol afgc_dir_mix: 0.9999998808; 0.0000000000; 0.0000000000; 0.0000000000; 0.0000000000
Symbol broad_band_power_smoothed: 37.82813
Symbol pnr_env_state: 41.79618; 42.75662; 36.40823; 38.18124; 39.07057; 38.12059; 30.48912; 25.87904; 26.57944; 28.17529; 31.31018; 32.13212; 33.46749; 34.01558; 35.24044; 35.46206; 30.21720
# Log data, timestamp 03:32:48
Symbol environmental_classifier_class_probabilities: 0.99985; 0.00000; 0.00000; 0.00000; 0.00000; 0.00012; 0.00000
Symbol warppower: 39; 40; 36; 40; 42; 39; 32; 29; 26; 26; 28; 28; 25; 27; 26; 23; 6
Symbol as_mix_bassZeroOrOne: 0.9999998808; 0.0000000000
Symbol as_zoom_amount: 0.0000000000; 0.9999998808
Symbol as_mie_factor: 0.9999998808
Symbol speech_detector_probability: 0.00000
Symbol rear_speech_detector_probability: 0.03998
Symbol noise_detector_probability: 0.00000
Symbol afgc_dir_mix: 0.9999998808; 0.0000000000; 0.0000000000; 0.0000000000; 0.0000000000
Symbol broad_band_power_smoothed: 38.27344
Symbol pnr_env_state: 41.15651; 42.58232; 35.08109; 30.32013; 30.61444; 29.44343; 24.73612; 22.03540; 21.34180; 22.63853; 23.77329; 25.52054; 25.75797; 24.10568; 22.59456; 22.40117; 17.50571
# Log data, timestamp 03:32:50
Symbol environmental_classifier_class_probabilities: 0.99997; 0.00000; 0.00000; 0.00000; 0.00000; 0.00000; 0.00000
Symbol warppower: 44; 44; 36; 32; 29; 28; 25; 18; 19; 23; 28; 31; 27; 20; 22; 20; 7
Symbol as_mix_bassZeroOrOne: 0.9999998808; 0.0000000000
Symbol as_zoom_amount: 0.0000000000; 0.9999998808
Symbol as_mie_factor: 0.9999998808
Symbol speech_detector_probability: 0.00000
Symbol rear_speech_detector_probability: 0.00000
Symbol noise_detector_probability: 0.00000
Symbol afgc_dir_mix: 0.9999998808; 0.0000000000; 0.0000000000; 0.0000000000; 0.0000000000
Symbol broad_band_power_smoothed: 37.31250
Symbol pnr_env_state: 41.08183; 41.84244; 33.68308; 27.84392; 27.21231; 25.94429; 23.19399; 22.38706; 22.22993; 22.39051; 24.85162; 27.31279; 25.91473; 23.63385; 23.35941; 23.18083; 18.66288
# Log data, timestamp 03:32:51
Symbol environmental_classifier_class_probabilities: 0.99976; 0.00000; 0.00000; 0.00000; 0.00000; 0.00021; 0.00000
Symbol warppower: 43; 42; 30; 21; 27; 27; 24; 23; 24; 27; 30; 34; 33; 27; 21; 14; 22
Symbol as_mix_bassZeroOrOne: 0.9999998808; 0.0000000000
Symbol as_zoom_amount: 0.0000000000; 0.9999998808
Symbol as_mie_factor: 0.9999998808
Symbol speech_detector_probability: 0.00000
Symbol rear_speech_detector_probability: 0.00000
Symbol noise_detector_probability: 0.00003
Symbol afgc_dir_mix: 0.9999998808; 0.0000000000; 0.0000000000; 0.0000000000; 0.0000000000
Symbol broad_band_power_smoothed: 37.71094
Symbol pnr_env_state: 41.33674; 42.02522; 33.99317; 29.08041; 27.02984; 25.24666; 23.93416; 21.25389; 21.09263; 22.00196; 24.42163; 25.88105; 25.53472; 23.57163; 23.65447; 22.71501; 17.75995
# Log data, timestamp 03:32:52
Symbol environmental_classifier_class_probabilities: 0.99994; 0.00000; 0.00000; 0.00000; 0.00000; 0.00003; 0.00000
Symbol warppower: 51; 50; 38; 31; 29; 21; 18; 23; 23; 28; 26; 23; 23; 26; 25; 21; 26
Symbol as_mix_bassZeroOrOne: 0.9999998808; 0.0000000000
Symbol as_zoom_amount: 0.0000000000; 0.9999998808
Symbol as_mie_factor: 0.9999998808
Symbol speech_detector_probability: 0.00000
Symbol rear_speech_detector_probability: 0.00000
Symbol noise_detector_probability: 0.00021
Symbol afgc_dir_mix: 0.9999998808; 0.0000000000; 0.0000000000; 0.0000000000; 0.0000000000
Symbol broad_band_power_smoothed: 38.10938
Symbol pnr_env_state: 41.11411; 42.28139; 34.47236; 31.97346; 26.57589; 25.05293; 23.55013; 22.14083; 21.36998; 21.40517; 23.10800; 25.01414; 26.48081; 24.05076; 24.14143; 23.96407; 17.99888
# Log data, timestamp 03:32:53
Symbol environmental_classifier_class_probabilities: 0.99997; 0.00000; 0.00000; 0.00000; 0.00000; 0.00000; 0.00000
Symbol warppower: 51; 50; 38; 28; 26; 26; 30; 31; 25; 20; 23; 27; 25; 24; 24; 25; 19
Symbol as_mix_bassZeroOrOne: 0.9999998808; 0.0000000000
Symbol as_zoom_amount: 0.0000000000; 0.9999998808
Symbol as_mie_factor: 0.9999998808
Symbol speech_detector_probability: 0.00000
Symbol rear_speech_detector_probability: 0.00000
Symbol noise_detector_probability: 0.00021
Symbol afgc_dir_mix: 0.9999998808; 0.0000000000; 0.0000000000; 0.0000000000; 0.0000000000
Symbol broad_band_power_smoothed: 38.74219
Symbol pnr_env_state: 41.41855; 42.37210; 34.97501; 29.74115; 27.17732; 25.67964; 22.63463; 22.83347; 22.63785; 22.57501; 25.14072; 27.56490; 26.78503; 24.20762; 24.39849; 23.50865; 18.26957
# Log data, timestamp 03:32:54
Symbol environmental_classifier_class_probabilities: 0.99997; 0.00000; 0.00000; 0.00000; 0.00000; 0.00000; 0.00000
Symbol warppower: 36; 38; 32; 21; 19; 25; 27; 28; 29; 28; 27; 32; 34; 31; 26; 21; 19
Symbol as_mix_bassZeroOrOne: 0.9999998808; 0.0000000000
Symbol as_zoom_amount: 0.0000000000; 0.9999998808
Symbol as_mie_factor: 0.9999998808
Symbol speech_detector_probability: 0.00000
Symbol rear_speech_detector_probability: 0.00000
Symbol noise_detector_probability: 0.00021
Symbol afgc_dir_mix: 0.9999998808; 0.0000000000; 0.0000000000; 0.0000000000; 0.0000000000
Symbol broad_band_power_smoothed: 37.87500
Symbol pnr_env_state: 41.49202; 42.34911; 34.58609; 29.49860; 27.41420; 25.72677; 24.13681; 23.25997; 22.16392; 22.25630; 25.98577; 29.27093; 26.69501; 24.21316; 23.73631; 22.68681; 16.82585
# Log data, timestamp 03:32:55
Symbol environmental_classifier_class_probabilities: 0.99997; 0.01022; 0.00000; 0.00000; 0.00000; 0.00000; 0.00000
Symbol warppower: 22; 33; 31; 22; 17; 27; 28; 25; 24; 20; 17; 24; 27; 26; 23; 19; 21
Symbol as_mix_bassZeroOrOne: 0.9999998808; 0.0000000000
Symbol as_zoom_amount: 0.0000000000; 0.9999998808
Symbol as_mie_factor: 0.9999998808
Symbol speech_detector_probability: 0.00809
Symbol rear_speech_detector_probability: 0.08484
Symbol noise_detector_probability: 0.00012
Symbol afgc_dir_mix: 0.9999998808; 0.0000000000; 0.0000000000; 0.0000000000; 0.0000000000
Symbol broad_band_power_smoothed: 38.29688
Symbol pnr_env_state: 41.42761; 42.70137; 36.07619; 29.46936; 27.67807; 25.01647; 23.42967; 22.28716; 22.01482; 22.59257; 24.67747; 27.84117; 26.44459; 23.83073; 23.27560; 22.79555; 17.43933
# Log data, timestamp 03:32:56
Symbol environmental_classifier_class_probabilities: 0.99994; 0.00000; 0.00000; 0.00000; 0.00000; 0.00003; 0.00000
Symbol warppower: 49; 58; 60; 56; 45; 34; 25; 19; 12; 18; 21; 23; 22; 21; 19; 28; 14
Symbol as_mix_bassZeroOrOne: 0.9999998808; 0.0000000000
Symbol as_zoom_amount: 0.0000000000; 0.9999998808
Symbol as_mie_factor: 0.9999998808
Symbol speech_detector_probability: 0.00000
Symbol rear_speech_detector_probability: 0.00977
Symbol noise_detector_probability: 0.00000
Symbol afgc_dir_mix: 0.9999998808; 0.0000000000; 0.0000000000; 0.0000000000; 0.0000000000
Symbol broad_band_power_smoothed: 38.88281
Symbol pnr_env_state: 44.45385; 51.16629; 52.68337; 45.94723; 38.57044; 30.77832; 28.97314; 24.74186; 22.48449; 23.66178; 25.97006; 28.23612; 27.42538; 24.67228; 23.72398; 22.34040; 16.54024
# Log data, timestamp 03:32:57
Symbol environmental_classifier_class_probabilities: 0.99985; 0.00000; 0.00000; 0.00000; 0.00000; 0.00012; 0.00000
Symbol warppower: 47; 46; 36; 31; 30; 30; 27; 25; 24; 26; 27; 27; 28; 29; 25; 21; 26
Symbol as_mix_bassZeroOrOne: 0.9999998808; 0.0000000000
Symbol as_zoom_amount: 0.0000000000; 0.9999998808
Symbol as_mie_factor: 0.9999998808
Symbol speech_detector_probability: 0.00000
Symbol rear_speech_detector_probability: 0.08493
Symbol noise_detector_probability: 0.00000
Symbol afgc_dir_mix: 0.9999998808; 0.0000000000; 0.0000000000; 0.0000000000; 0.0000000000
Symbol broad_band_power_smoothed: 38.62500
Symbol pnr_env_state: 41.54650; 42.66190; 34.60740; 29.75818; 26.83561; 24.62564; 23.54057; 22.38831; 22.34897; 22.72985; 25.46221; 27.77784; 26.94159; 22.49995; 23.62246; 22.23651; 16.99766
# Log data, timestamp 03:32:58
Symbol environmental_classifier_class_probabilities: 0.99976; 0.00000; 0.00000; 0.00000; 0.00000; 0.00021; 0.00000
Symbol warppower: 48; 47; 35; 26; 20; 27; 27; 21; 23; 21; 25; 30; 30; 24; 21; 20; 18
Symbol as_mix_bassZeroOrOne: 0.9999998808; 0.0000000000
Symbol as_zoom_amount: 0.0000000000; 0.9999998808
Symbol as_mie_factor: 0.9999998808
Symbol speech_detector_probability: 0.00000
Symbol rear_speech_detector_probability: 0.00000
Symbol noise_detector_probability: 0.00012
Symbol afgc_dir_mix: 0.9999998808; 0.0000000000; 0.0000000000; 0.0000000000; 0.0000000000
Symbol broad_band_power_smoothed: 38.27344
Symbol pnr_env_state: 41.05189; 42.20046; 34.80438; 29.88064; 26.75420; 27.55548; 26.88769; 24.61181; 23.61194; 22.98589; 25.69294; 28.06878; 28.46776; 24.51149; 24.19381; 23.62807; 19.46397
# Log data, timestamp 03:32:59
Symbol environmental_classifier_class_probabilities: 0.99997; 0.00000; 0.00000; 0.00000; 0.00000; 0.00000; 0.00000
Symbol warppower: 37; 35; 37; 39; 35; 32; 31; 29; 27; 26; 29; 34; 31; 29; 28; 22; 17
Symbol as_mix_bassZeroOrOne: 0.9999998808; 0.0000000000
Symbol as_zoom_amount: 0.0000000000; 0.9999998808
Symbol as_mie_factor: 0.9999998808
Symbol speech_detector_probability: 0.00000
Symbol rear_speech_detector_probability: 0.00000
Symbol noise_detector_probability: 0.00003
Symbol afgc_dir_mix: 0.9999998808; 0.0000000000; 0.0000000000; 0.0000000000; 0.0000000000
Symbol broad_band_power_smoothed: 38.64844
Symbol pnr_env_state: 41.98082; 42.67678; 36.42501; 32.96668; 29.79291; 31.27555; 28.87843; 28.36604; 28.62049; 27.31561; 27.51183; 30.06010; 29.19680; 25.91674; 25.10893; 24.62568; 20.65123
# Log data, timestamp 03:33:01
Symbol environmental_classifier_class_probabilities: 0.99994; 0.03601; 0.00000; 0.00003; 0.00000; 0.00003; 0.00000
Symbol warppower: 50; 50; 43; 38; 33; 31; 26; 26; 27; 28; 26; 29; 25; 22; 24; 23; 25
Symbol as_mix_bassZeroOrOne: 0.9999998808; 0.0000000000
Symbol as_zoom_amount: 0.0000000000; 0.9999998808
Symbol as_mie_factor: 0.9999998808
Symbol speech_detector_probability: 0.04395
Symbol rear_speech_detector_probability: 0.00000
Symbol noise_detector_probability: 0.00000
Symbol afgc_dir_mix: 0.9999998808; 0.0000000000; 0.0000000000; 0.0000000000; 0.0000000000
Symbol broad_band_power_smoothed: 41.27344
Symbol pnr_env_state: 45.91709; 48.23519; 42.77323; 31.74474; 30.05800; 27.23467; 25.25391; 25.82689; 25.96452; 27.35909; 29.32063; 30.08651; 28.85497; 26.38672; 25.81189; 24.81488; 19.39656
# Log data, timestamp 03:33:02
Symbol environmental_classifier_class_probabilities: 0.99994; 0.06616; 0.00000; 0.00003; 0.00000; 0.00003; 0.00000
Symbol warppower: 40; 46; 46; 43; 43; 41; 37; 31; 25; 25; 28; 36; 37; 33; 32; 32; 26
Symbol as_mix_bassZeroOrOne: 0.9999998808; 0.0000000000
Symbol as_zoom_amount: 0.0000000000; 0.9999998808
Symbol as_mie_factor: 0.9999998808
Symbol speech_detector_probability: 0.06387
Symbol rear_speech_detector_probability: 0.00000
Symbol noise_detector_probability: 0.00012
Symbol afgc_dir_mix: 0.9999998808; 0.0000000000; 0.0000000000; 0.0000000000; 0.0000000000
Symbol broad_band_power_smoothed: 41.01563
Symbol pnr_env_state: 42.64829; 46.53321; 42.13492; 35.33645; 33.21780; 28.81062; 27.15448; 26.52553; 26.35125; 25.85344; 27.18180; 29.19812; 28.03972; 27.93720; 27.03404; 26.24661; 20.19644
# Log data, timestamp 03:33:03
Symbol environmental_classifier_class_probabilities: 0.99997; 0.07242; 0.00000; 0.00000; 0.00000; 0.00000; 0.00000
Symbol warppower: 44; 41; 29; 25; 25; 31; 30; 27; 28; 25; 26; 28; 26; 20; 23; 23; 20
Symbol as_mix_bassZeroOrOne: 0.9999998808; 0.0000000000
Symbol as_zoom_amount: 0.0000000000; 0.9999998808
Symbol as_mie_factor: 0.9999998808
Symbol speech_detector_probability: 0.07028
Symbol rear_speech_detector_probability: 0.02045
Symbol noise_detector_probability: 0.00021
Symbol afgc_dir_mix: 0.9999998808; 0.0000000000; 0.0000000000; 0.0000000000; 0.0000000000
Symbol broad_band_power_smoothed: 39.39844
Symbol pnr_env_state: 41.89515; 42.57504; 35.46051; 30.58191; 27.85081; 26.32471; 25.43764; 26.75722; 26.69185; 25.14358; 26.00770; 28.18896; 26.75529; 24.66663; 24.08402; 24.14371; 19.50198
# Log data, timestamp 03:33:04
Symbol environmental_classifier_class_probabilities: 0.99976; 0.00000; 0.00000; 0.00000; 0.00000; 0.00021; 0.00000
Symbol warppower: 38; 42; 40; 35; 27; 24; 23; 23; 25; 25; 33; 36; 34; 29; 23; 19; 19
Symbol as_mix_bassZeroOrOne: 0.9999998808; 0.0000000000
Symbol as_zoom_amount: 0.0000000000; 0.9999998808
Symbol as_mie_factor: 0.9999998808
Symbol speech_detector_probability: 0.00000
Symbol rear_speech_detector_probability: 0.00000
Symbol noise_detector_probability: 0.00003
Symbol afgc_dir_mix: 0.9999998808; 0.0000000000; 0.0000000000; 0.0000000000; 0.0000000000
Symbol broad_band_power_smoothed: 39.51563
Symbol pnr_env_state: 41.14641; 43.36557; 38.26112; 32.81463; 29.18522; 27.31848; 26.92652; 26.85836; 24.05839; 23.54845; 26.49152; 29.53276; 29.05062; 25.62530; 24.21710; 23.91581; 18.15763
# Log data, timestamp 03:33:05
Symbol environmental_classifier_class_probabilities: 0.99976; 0.00000; 0.00000; 0.00000; 0.00000; 0.00021; 0.00000
Symbol warppower: 45; 46; 37; 32; 34; 30; 27; 27; 22; 25; 24; 24; 25; 19; 24; 25; 22
Symbol as_mix_bassZeroOrOne: 0.9999998808; 0.0000000000
Symbol as_zoom_amount: 0.0000000000; 0.9999998808
Symbol as_mie_factor: 0.9999998808
Symbol speech_detector_probability: 0.00000
Symbol rear_speech_detector_probability: 0.00000
Symbol noise_detector_probability: 0.00012
Symbol afgc_dir_mix: 0.9999998808; 0.0000000000; 0.0000000000; 0.0000000000; 0.0000000000
Symbol broad_band_power_smoothed: 40.42969
Symbol pnr_env_state: 42.01940; 43.72899; 38.71181; 34.65675; 31.27214; 30.48126; 30.14803; 30.00537; 27.72357; 25.56550; 27.94777; 30.59114; 29.47870; 27.17517; 25.74062; 23.97777; 18.65623
# Log data, timestamp 03:33:06
Symbol environmental_classifier_class_probabilities: 0.99994; 0.00000; 0.00000; 0.00000; 0.00000; 0.00003; 0.00000
Symbol warppower: 42; 41; 36; 30; 23; 23; 23; 20; 22; 18; 24; 29; 25; 23; 21; 20; 17
Symbol as_mix_bassZeroOrOne: 0.9999998808; 0.0000000000
Symbol as_zoom_amount: 0.0000000000; 0.9999998808
Symbol as_mie_factor: 0.9999998808
Symbol speech_detector_probability: 0.00000
Symbol rear_speech_detector_probability: 0.00000
Symbol noise_detector_probability: 0.00003
Symbol afgc_dir_mix: 0.9999998808; 0.0000000000; 0.0000000000; 0.0000000000; 0.0000000000
Symbol broad_band_power_smoothed: 39.49219
Symbol pnr_env_state: 41.33853; 42.51428; 36.73724; 31.62175; 27.95576; 25.20240; 24.21898; 23.50085; 23.12614; 22.59078; 25.75783; 27.56728; 26.96479; 24.47372; 23.73694; 21.67937; 16.43957
# Log data, timestamp 03:33:07
Symbol environmental_classifier_class_probabilities: 0.99997; 0.00000; 0.00000; 0.00000; 0.00000; 0.00000; 0.00000
Symbol warppower: 41; 40; 34; 29; 22; 28; 23; 21; 20; 20; 25; 25; 15; 17; 24; 27; 15
Symbol as_mix_bassZeroOrOne: 0.9999998808; 0.0000000000
Symbol as_zoom_amount: 0.0000000000; 0.9999998808
Symbol as_mie_factor: 0.9999998808
Symbol speech_detector_probability: 0.00000
Symbol rear_speech_detector_probability: 0.00000
Symbol noise_detector_probability: 0.00012
Symbol afgc_dir_mix: 0.9999998808; 0.0000000000; 0.0000000000; 0.0000000000; 0.0000000000
Symbol broad_band_power_smoothed: 38.90625
Symbol pnr_env_state: 41.26158; 42.15055; 35.64426; 30.48259; 27.60379; 25.32181; 24.30084; 24.01182; 22.85356; 22.84411; 25.59720; 27.53211; 26.86782; 24.30288; 23.61158; 23.70118; 18.58674
# Log data, timestamp 03:33:08
Symbol environmental_classifier_class_probabilities: 0.99997; 0.00000; 0.00000; 0.00000; 0.00000; 0.00000; 0.00000
Symbol warppower: 39; 37; 36; 33; 25; 24; 23; 24; 23; 25; 24; 31; 31; 30; 26; 19; 24
Symbol as_mix_bassZeroOrOne: 0.9999998808; 0.0000000000
Symbol as_zoom_amount: 0.0000000000; 0.9999998808
Symbol as_mie_factor: 0.9999998808
Symbol speech_detector_probability: 0.00000
Symbol rear_speech_detector_probability: 0.00000
Symbol noise_detector_probability: 0.00021
Symbol afgc_dir_mix: 0.9999998808; 0.0000000000; 0.0000000000; 0.0000000000; 0.0000000000
Symbol broad_band_power_smoothed: 39.53906
Symbol pnr_env_state: 42.14808; 43.56964; 37.04270; 31.58940; 28.07378; 24.75815; 24.62700; 23.34563; 22.89315; 22.74447; 26.04175; 28.87442; 28.24707; 25.53496; 24.88896; 22.86425; 17.88329
# Log data, timestamp 03:33:09
Symbol environmental_classifier_class_probabilities: 0.99997; 0.00717; 0.00000; 0.00000; 0.00000; 0.00000; 0.00000
Symbol warppower: 46; 50; 50; 46; 41; 37; 33; 28; 27; 24; 28; 30; 27; 24; 25; 23; 19
Symbol as_mix_bassZeroOrOne: 0.9999998808; 0.0000000000
Symbol as_zoom_amount: 0.0000000000; 0.9999998808
Symbol as_mie_factor: 0.9999998808
Symbol speech_detector_probability: 0.00504
Symbol rear_speech_detector_probability: 0.00000
Symbol noise_detector_probability: 0.00021
Symbol afgc_dir_mix: 0.9999998808; 0.0000000000; 0.0000000000; 0.0000000000; 0.0000000000
Symbol broad_band_power_smoothed: 39.37500
Symbol pnr_env_state: 42.44763; 45.69898; 43.18639; 33.72676; 30.11268; 27.12399; 24.97754; 24.21826; 23.42845; 23.34283; 26.34677; 28.42283; 27.72498; 24.59975; 23.69621; 22.37761; 17.40513
# Log data, timestamp 03:33:10
Symbol environmental_classifier_class_probabilities: 0.99997; 0.02173; 0.00000; 0.00000; 0.00000; 0.00000; 0.00000
Symbol warppower: 45; 45; 33; 33; 31; 30; 26; 22; 21; 20; 21; 25; 27; 27; 21; 22; 19
Symbol as_mix_bassZeroOrOne: 0.9999998808; 0.0000000000
Symbol as_zoom_amount: 0.0000000000; 0.9999998808
Symbol as_mie_factor: 0.9999998808
Symbol speech_detector_probability: 0.01959
Symbol rear_speech_detector_probability: 0.00000
Symbol noise_detector_probability: 0.00021
Symbol afgc_dir_mix: 0.9999998808; 0.0000000000; 0.0000000000; 0.0000000000; 0.0000000000
Symbol broad_band_power_smoothed: 39.82031
Symbol pnr_env_state: 41.91548; 43.20582; 36.99317; 31.84884; 27.82551; 25.96991; 24.91681; 24.36297; 23.50783; 23.88247; 26.41726; 28.70405; 26.98621; 24.80412; 23.99552; 23.31678; 17.92433
# Log data, timestamp 03:33:11
Symbol environmental_classifier_class_probabilities: 0.99976; 0.03888; 0.00000; 0.00021; 0.00000; 0.00021; 0.00000
Symbol warppower: 47; 46; 37; 26; 26; 26; 21; 18; 11; 21; 24; 27; 28; 24; 24; 25; 7
Symbol as_mix_bassZeroOrOne: 0.9999998808; 0.0000000000
Symbol as_zoom_amount: 0.0000000000; 0.9999998808
Symbol as_mie_factor: 0.9999998808
Symbol speech_detector_probability: 0.03690
Symbol rear_speech_detector_probability: 0.05615
Symbol noise_detector_probability: 0.00012
Symbol afgc_dir_mix: 0.9999998808; 0.0000000000; 0.0000000000; 0.0000000000; 0.0000000000
Symbol broad_band_power_smoothed: 39.14063
Symbol pnr_env_state: 41.27786; 42.26044; 34.77742; 30.12331; 27.48217; 25.09875; 23.70892; 23.44730; 22.98006; 23.23658; 25.97493; 28.56086; 27.37306; 24.62135; 24.44761; 23.67800; 19.36217
# Log data, timestamp 03:33:12
Symbol environmental_classifier_class_probabilities: 0.99976; 0.05188; 0.00000; 0.00021; 0.00000; 0.00021; 0.00000
Symbol warppower: 49; 48; 39; 32; 25; 24; 27; 29; 26; 25; 25; 25; 28; 26; 26; 23; 17
Symbol as_mix_bassZeroOrOne: 0.9999998808; 0.0000000000
Symbol as_zoom_amount: 0.0000000000; 0.9999998808
Symbol as_mie_factor: 0.9999998808
Symbol speech_detector_probability: 0.04974
Symbol rear_speech_detector_probability: 0.00000
Symbol noise_detector_probability: 0.00003
Symbol afgc_dir_mix: 0.9999998808; 0.0000000000; 0.0000000000; 0.0000000000; 0.0000000000
Symbol broad_band_power_smoothed: 39.16406
Symbol pnr_env_state: 41.72067; 42.59675; 34.84100; 30.70717; 26.72752; 22.30954; 22.36570; 23.32577; 22.50607; 22.65813; 26.11852; 28.26591; 28.16464; 25.09676; 24.30391; 21.60073; 17.15487
# Log data, timestamp 03:33:13
Symbol environmental_classifier_class_probabilities: 0.99994; 0.00000; 0.00000; 0.00000; 0.00000; 0.00003; 0.00000
Symbol warppower: 38; 38; 27; 21; 17; 25; 29; 29; 27; 27; 21; 27; 30; 29; 28; 26; 24
Symbol as_mix_bassZeroOrOne: 0.9999998808; 0.0000000000
Symbol as_zoom_amount: 0.0000000000; 0.9999998808
Symbol as_mie_factor: 0.9999998808
Symbol speech_detector_probability: 0.00000
Symbol rear_speech_detector_probability: 0.07507
Symbol noise_detector_probability: 0.00000
Symbol afgc_dir_mix: 0.9999998808; 0.0000000000; 0.0000000000; 0.0000000000; 0.0000000000
Symbol broad_band_power_smoothed: 38.62500
Symbol pnr_env_state: 41.50101; 42.54541; 35.22263; 28.80888; 26.61637; 26.60058; 24.43063; 22.64270; 22.03421; 24.05220; 25.93942; 28.88117; 27.28942; 24.29604; 23.82414; 23.14686; 18.39469
# Log data, timestamp 03:33:15
Symbol environmental_classifier_class_probabilities: 0.99997; 0.00000; 0.00000; 0.00000; 0.00000; 0.00000; 0.00000
Symbol warppower: 45; 43; 31; 29; 25; 17; 19; 19; 20; 24; 27; 27; 26; 23; 14; 23; 16
Symbol as_mix_bassZeroOrOne: 0.9999998808; 0.0000000000
Symbol as_zoom_amount: 0.0000000000; 0.9999998808
Symbol as_mie_factor: 0.9999998808
Symbol speech_detector_probability: 0.00000
Symbol rear_speech_detector_probability: 0.01602
Symbol noise_detector_probability: 0.00012
Symbol afgc_dir_mix: 0.9999998808; 0.0000000000; 0.0000000000; 0.0000000000; 0.0000000000
Symbol broad_band_power_smoothed: 38.17969
Symbol pnr_env_state: 41.64471; 42.37870; 34.73610; 28.37798; 25.20087; 23.91114; 23.34555; 23.24935; 22.67053; 23.60411; 25.58489; 27.82310; 27.33143; 25.88081; 23.70389; 23.31874; 18.72484
# Log data, timestamp 03:33:16
Symbol environmental_classifier_class_probabilities: 0.99985; 0.00000; 0.00000; 0.00000; 0.00000; 0.00012; 0.00000
Symbol warppower: 40; 40; 32; 25; 23; 21; 22; 22; 23; 25; 25; 21; 22; 31; 34; 32; 7
Symbol as_mix_bassZeroOrOne: 0.9999998808; 0.0000000000
Symbol as_zoom_amount: 0.0000000000; 0.9999998808
Symbol as_mie_factor: 0.9999998808
Symbol speech_detector_probability: 0.00000
Symbol rear_speech_detector_probability: 0.18262
Symbol noise_detector_probability: 0.00003
Symbol afgc_dir_mix: 0.9999998808; 0.0000000000; 0.0000000000; 0.0000000000; 0.0000000000
Symbol broad_band_power_smoothed: 38.06250
Symbol pnr_env_state: 41.30332; 42.25409; 34.19592; 29.82835; 27.70064; 27.16825; 25.64864; 23.90513; 22.28068; 22.82772; 25.94634; 28.59393; 27.18531; 24.77340; 25.28024; 23.96887; 18.60123
# Log data, timestamp 03:33:17
Symbol environmental_classifier_class_probabilities: 0.99997; 0.00000; 0.00000; 0.00000; 0.00000; 0.00000; 0.00000
Symbol warppower: 37; 38; 34; 31; 27; 31; 30; 24; 27; 28; 27; 29; 26; 19; 18; 22; 26
Symbol as_mix_bassZeroOrOne: 0.9999998808; 0.0000000000
Symbol as_zoom_amount: 0.0000000000; 0.9999998808
Symbol as_mie_factor: 0.9999998808
Symbol speech_detector_probability: 0.00000
Symbol rear_speech_detector_probability: 0.07352
Symbol noise_detector_probability: 0.00003
Symbol afgc_dir_mix: 0.9999998808; 0.0000000000; 0.0000000000; 0.0000000000; 0.0000000000
Symbol broad_band_power_smoothed: 38.43750
Symbol pnr_env_state: 41.30850; 42.41525; 35.51358; 30.34625; 28.41350; 25.65381; 25.26044; 25.44158; 25.50410; 25.60838; 25.90773; 28.66277; 27.41054; 24.88419; 25.15524; 24.78464; 20.62356
# Log data, timestamp 03:33:18
Symbol environmental_classifier_class_probabilities: 0.99976; 0.00000; 0.00000; 0.00000; 0.00000; 0.00021; 0.00000
Symbol warppower: 35; 36; 32; 27; 18; 21; 15; 18; 21; 23; 26; 32; 29; 18; 18; 18; 22
Symbol as_mix_bassZeroOrOne: 0.9999998808; 0.0000000000
Symbol as_zoom_amount: 0.0000000000; 0.9999998808
Symbol as_mie_factor: 0.9999998808
Symbol speech_detector_probability: 0.00000
Symbol rear_speech_detector_probability: 0.00000
Symbol noise_detector_probability: 0.00012
Symbol afgc_dir_mix: 0.9999998808; 0.0000000000; 0.0000000000; 0.0000000000; 0.0000000000
Symbol broad_band_power_smoothed: 37.87500
Symbol pnr_env_state: 41.79317; 42.55901; 35.12827; 29.76389; 26.31162; 25.06047; 24.25961; 23.53854; 22.63776; 22.76600; 24.95630; 27.87467; 26.78509; 23.53247; 23.05546; 22.80177; 16.02787
# Log data, timestamp 03:33:19
Symbol environmental_classifier_class_probabilities: 0.99997; 0.00000; 0.00000; 0.00000; 0.00000; 0.00000; 0.00000
Symbol warppower: 51; 51; 42; 31; 16; 30; 31; 28; 27; 27; 28; 34; 32; 28; 29; 28; 24
Symbol as_mix_bassZeroOrOne: 0.9999998808; 0.0000000000
Symbol as_zoom_amount: 0.0000000000; 0.9999998808
Symbol as_mie_factor: 0.9999998808
Symbol speech_detector_probability: 0.00000
Symbol rear_speech_detector_probability: 0.00000
Symbol noise_detector_probability: 0.00000
Symbol afgc_dir_mix: 0.9999998808; 0.0000000000; 0.0000000000; 0.0000000000; 0.0000000000
Symbol broad_band_power_smoothed: 38.50781
Symbol pnr_env_state: 41.45351; 42.51030; 35.58329; 33.60318; 32.13355; 31.98486; 29.62529; 30.70958; 32.24910; 29.32005; 26.88933; 29.01735; 27.88484; 24.75717; 25.06931; 23.76139; 18.65156
# Log data, timestamp 03:33:20
Symbol environmental_classifier_class_probabilities: 0.99997; 0.04425; 0.00000; 0.00000; 0.00000; 0.00000; 0.00000
Symbol warppower: 44; 45; 40; 35; 33; 30; 28; 24; 16; 24; 24; 25; 27; 25; 19; 20; 18
Symbol as_mix_bassZeroOrOne: 0.9999998808; 0.0000000000
Symbol as_zoom_amount: 0.0000000000; 0.9999998808
Symbol as_mie_factor: 0.9999998808
Symbol speech_detector_probability: 0.04211
Symbol rear_speech_detector_probability: 0.00000
Symbol noise_detector_probability: 0.00012
Symbol afgc_dir_mix: 0.9999998808; 0.0000000000; 0.0000000000; 0.0000000000; 0.0000000000
Symbol broad_band_power_smoothed: 40.40625
Symbol pnr_env_state: 41.72919; 44.52412; 39.08761; 32.09885; 28.66145; 27.58296; 25.98517; 24.54942; 24.52587; 24.12847; 26.49443; 28.37224; 28.31121; 26.28131; 25.62612; 23.34070; 17.48121
# Log data, timestamp 03:33:21
Symbol environmental_classifier_class_probabilities: 0.99997; 0.00000; 0.00000; 0.00000; 0.00000; 0.00000; 0.00000
Symbol warppower: 45; 45; 35; 30; 27; 29; 29; 26; 23; 26; 28; 28; 30; 30; 25; 26; 21
Symbol as_mix_bassZeroOrOne: 0.9999998808; 0.0000000000
Symbol as_zoom_amount: 0.0000000000; 0.9999998808
Symbol as_mie_factor: 0.9999998808
Symbol speech_detector_probability: 0.00000
Symbol rear_speech_detector_probability: 0.05859
Symbol noise_detector_probability: 0.00021
Symbol afgc_dir_mix: 0.9999998808; 0.0000000000; 0.0000000000; 0.0000000000; 0.0000000000
Symbol broad_band_power_smoothed: 38.88281
Symbol pnr_env_state: 41.67568; 42.07955; 34.49028; 30.45351; 28.03921; 26.67280; 24.88721; 24.65698; 24.25428; 24.03634; 26.75328; 29.67673; 28.71847; 26.16201; 25.52645; 24.26816; 18.89352
# Log data, timestamp 03:33:22
Symbol environmental_classifier_class_probabilities: 0.99997; 0.00000; 0.00000; 0.00000; 0.00000; 0.00000; 0.00000
Symbol warppower: 26; 34; 34; 36; 30; 27; 27; 22; 23; 22; 29; 32; 30; 24; 24; 22; 19
Symbol as_mix_bassZeroOrOne: 0.9999998808; 0.0000000000
Symbol as_zoom_amount: 0.0000000000; 0.9999998808
Symbol as_mie_factor: 0.9999998808
Symbol speech_detector_probability: 0.00000
Symbol rear_speech_detector_probability: 0.04089
Symbol noise_detector_probability: 0.00000
Symbol afgc_dir_mix: 0.9999998808; 0.0000000000; 0.0000000000; 0.0000000000; 0.0000000000
Symbol broad_band_power_smoothed: 38.85938
Symbol pnr_env_state: 41.69739; 42.44052; 34.99348; 30.49671; 27.86626; 25.49972; 25.67059; 24.82863; 25.43053; 24.83701; 28.87844; 30.72709; 28.52886; 26.25203; 25.96961; 24.05882; 19.08164
# Log data, timestamp 03:33:23
Symbol environmental_classifier_class_probabilities: 0.99976; 0.00000; 0.00000; 0.00000; 0.00000; 0.00021; 0.00000
Symbol warppower: 43; 43; 36; 28; 32; 33; 30; 27; 22; 26; 35; 38; 36; 30; 27; 19; 8
Symbol as_mix_bassZeroOrOne: 0.9999998808; 0.0000000000
Symbol as_zoom_amount: 0.0000000000; 0.9999998808
Symbol as_mie_factor: 0.9999998808
Symbol speech_detector_probability: 0.00000
Symbol rear_speech_detector_probability: 0.11893
Symbol noise_detector_probability: 0.00021
Symbol afgc_dir_mix: 0.9999998808; 0.0000000000; 0.0000000000; 0.0000000000; 0.0000000000
Symbol broad_band_power_smoothed: 38.90625
Symbol pnr_env_state: 42.01622; 43.01619; 35.85948; 31.19342; 28.92127; 27.27642; 24.54579; 25.44977; 23.13973; 23.93224; 27.17601; 29.26027; 29.09676; 26.90605; 26.00933; 23.83499; 17.59850
