# Log started on 2019-08-08, 12:33:03

# Log data, timestamp 12:33:04
Symbol environmental_classifier_class_probabilities: 0.99997; 0.00000; 0.00000; 0.00000; 0.00000; 0.00000; 0.00000
Symbol warppower: 35.57813; 42.67969; 35.74219; 33.04688; 36.21094; 37.66406; 38.74219; 35.06250; 27.32813; 29.25000; 30.70313; 29.90625; 30.07031; 28.05469; 26.20313; 27.53906; 19.89844
Symbol as_mix_bassZeroOrOne: 0.0000000000; 0.9999998808
Symbol as_zoom_amount: 0.9999998808; 0.0000000000
Symbol as_mie_factor: 0.0000000000
Symbol speech_detector_probability: 0.00000
Symbol speech_detector_states: 0.00000; 0.00000; 0.00000
Symbol rear_speech_detector_probability: 0.50000
Symbol noise_detector_probability: 0.00021
Symbol broad_band_power_smoothed: 39.84375
Symbol pnr_env_state: 42.87298; 43.51848; 36.31372; 34.09866; 32.58524; 31.66799; 31.79488; 29.57907; 27.93524; 26.91367; 27.47671; 28.51930; 29.25826; 28.19095; 26.39332; 23.21662; 17.86161
Symbol pnr_amb_state: 42.13531; 43.06343; 36.38399; 33.94281; 32.81312; 32.68913; 31.95794; 29.57693; 27.24089; 27.15256; 27.38975; 28.92635; 29.84699; 28.09034; 26.37339; 24.19467; 18.91689
# Log data, timestamp 12:33:05
Symbol environmental_classifier_class_probabilities: 0.99994; 0.00000; 0.00000; 0.00000; 0.00000; 0.00003; 0.00000
Symbol warppower: 35.90625; 34.71094; 33.70313; 41.10938; 42.21094; 36.79688; 29.92969; 26.60156; 24.16406; 28.12500; 29.85938; 34.35938; 35.71875; 32.25000; 30.84375; 24.58594; 22.05469
Symbol as_mix_bassZeroOrOne: 0.0000000000; 0.9999998808
Symbol as_zoom_amount: 0.9999998808; 0.0000000000
Symbol as_mie_factor: 0.0000000000
Symbol speech_detector_probability: 0.00000
Symbol speech_detector_states: 0.00000; 0.00000; 0.00000
Symbol rear_speech_detector_probability: 0.50000
Symbol noise_detector_probability: 0.00000
Symbol broad_band_power_smoothed: 39.72656
Symbol pnr_env_state: 41.96643; 42.73819; 36.29766; 34.82155; 34.70372; 33.56052; 32.34744; 29.26348; 26.92365; 27.41775; 27.92211; 30.57322; 31.07184; 28.38883; 28.86358; 28.37816; 21.14596
Symbol pnr_amb_state: 41.82350; 42.79051; 36.40058; 34.19512; 33.26752; 33.24849; 32.50354; 29.78624; 27.46445; 27.28060; 27.50060; 29.08760; 29.99134; 28.20931; 26.44571; 24.30538; 19.10786
# Log data, timestamp 12:33:06
Symbol environmental_classifier_class_probabilities: 0.99997; 0.00000; 0.00000; 0.00000; 0.00000; 0.00000; 0.00000
Symbol warppower: 38.48438; 42.58594; 38.53125; 39.02344; 34.71094; 29.55469; 27.70313; 23.41406; 25.87500; 31.94531; 34.99219; 34.92188; 37.80469; 36.77344; 34.05469; 31.99219; 34.57031
Symbol as_mix_bassZeroOrOne: 0.0000000000; 0.9999998808
Symbol as_zoom_amount: 0.9999998808; 0.0000000000
Symbol as_mie_factor: 0.0000000000
Symbol speech_detector_probability: 0.00000
Symbol speech_detector_states: 0.00000; 0.00000; 0.00000
Symbol rear_speech_detector_probability: 0.50000
Symbol noise_detector_probability: 0.00003
Symbol broad_band_power_smoothed: 39.98438
Symbol pnr_env_state: 42.15137; 43.46398; 38.03078; 35.28658; 34.21233; 33.21224; 30.64667; 28.62609; 29.85117; 31.74409; 34.52391; 36.50912; 36.84082; 33.95906; 33.87068; 34.92885; 29.08629
Symbol pnr_amb_state: 41.32333; 42.65470; 36.65390; 34.64486; 33.55686; 32.81356; 31.69862; 29.44294; 28.36837; 28.32815; 28.47883; 29.81411; 30.80839; 29.02555; 27.52700; 25.92523; 20.68212
# Log data, timestamp 12:33:08
Symbol environmental_classifier_class_probabilities: 0.94293; 0.12390; 0.12390; 0.00000; 0.00000; 0.00000; 0.00000
Symbol warppower: 67.35938; 70.73438; 67.54688; 55.78125; 48.72656; 40.57031; 34.21875; 41.50781; 43.61719; 38.10938; 41.13281; 44.83594; 44.29688; 41.88281; 39.07031; 34.80469; 27.02344
Symbol as_mix_bassZeroOrOne: 0.0000000000; 0.9999998808
Symbol as_zoom_amount: 0.9999998808; 0.0000000000
Symbol as_mie_factor: 0.0000000000
Symbol speech_detector_probability: 0.12054
Symbol speech_detector_states: 0.00000; 0.13275; 0.11993
Symbol rear_speech_detector_probability: 0.50000
Symbol noise_detector_probability: 0.00000
Symbol broad_band_power_smoothed: 48.86719
Symbol pnr_env_state: 60.57006; 65.96104; 62.96250; 49.91878; 46.65335; 43.82548; 40.23128; 39.91816; 37.26128; 36.34869; 37.79932; 37.72470; 35.92976; 33.49786; 31.37670; 29.86049; 24.40459
Symbol pnr_amb_state: 47.82596; 49.71829; 44.68268; 42.52466; 41.01956; 39.42877; 38.26555; 36.43277; 34.66915; 34.19679; 34.60361; 35.39422; 35.86226; 33.72219; 31.76679; 29.25856; 23.92795
# Log data, timestamp 12:33:09
Symbol environmental_classifier_class_probabilities: 0.85248; 0.23587; 0.23587; 0.00012; 0.00012; 0.00012; 0.00012
Symbol warppower: 55.26563; 64.07813; 62.62500; 55.07813; 48.70313; 41.32031; 34.47656; 33.98438; 32.46094; 29.60156; 29.62500; 29.64844; 30.53906; 27.70313; 24.39844; 22.57031; 18.63281
Symbol as_mix_bassZeroOrOne: 0.0000000000; 0.9999998808
Symbol as_zoom_amount: 0.9999998808; 0.0000000000
Symbol as_mie_factor: 0.0000000000
Symbol speech_detector_probability: 0.23358
Symbol speech_detector_states: 0.00000; 0.23584; 0.23328
Symbol rear_speech_detector_probability: 0.50000
Symbol noise_detector_probability: 0.00003
Symbol broad_band_power_smoothed: 49.85156
Symbol pnr_env_state: 57.84444; 62.46910; 60.92463; 54.15839; 50.44461; 48.94281; 45.52034; 44.74375; 42.60847; 39.58913; 37.38232; 37.79693; 39.12211; 36.44841; 33.48952; 30.39290; 25.58776
Symbol pnr_amb_state: 48.11974; 49.62995; 44.80395; 42.78388; 40.87036; 38.41788; 35.80561; 33.43429; 31.40567; 30.62064; 30.73726; 32.02140; 32.60558; 30.42685; 28.28265; 25.93820; 20.86588
# Log data, timestamp 12:33:10
Symbol environmental_classifier_class_probabilities: 0.68417; 0.31580; 0.31580; 0.00012; 0.00012; 0.00012; 0.00012
Symbol warppower: 34.10156; 44.78906; 42.91406; 37.57031; 28.61719; 27.11719; 30.56250; 24.82031; 16.10156; 19.12500; 23.64844; 27.16406; 28.14844; 20.97656; 24.91406; 24.42188; 17.43750
Symbol as_mix_bassZeroOrOne: 0.0000000000; 0.9999998808
Symbol as_zoom_amount: 0.9999998808; 0.0000000000
Symbol as_mie_factor: 0.0000000000
Symbol speech_detector_probability: 0.31351
Symbol speech_detector_states: 0.00000; 0.31580; 0.31305
Symbol rear_speech_detector_probability: 0.50000
Symbol noise_detector_probability: 0.00003
Symbol broad_band_power_smoothed: 52.26563
Symbol pnr_env_state: 54.15377; 55.35450; 49.60837; 41.90148; 36.81277; 34.23770; 33.73757; 32.62247; 27.09844; 29.14816; 30.01358; 30.02208; 30.54069; 29.10824; 27.93051; 24.95621; 19.92024
Symbol pnr_amb_state: 51.19163; 52.36876; 46.95995; 42.87280; 38.72384; 36.13993; 34.07439; 32.46522; 30.59098; 29.60099; 29.96939; 30.89181; 31.52256; 29.77767; 27.95354; 25.55695; 20.39792
# Log data, timestamp 12:33:11
Symbol environmental_classifier_class_probabilities: 0.99985; 0.51843; 0.00000; 0.00012; 0.00000; 0.00012; 0.00000
Symbol warppower: 43.33594; 44.97656; 39.32813; 34.14844; 30.28125; 24.67969; 19.73438; 23.46094; 26.22656; 27.75000; 30.63281; 33.65625; 34.64063; 33.51563; 31.92188; 26.92969; 31.54688
Symbol as_mix_bassZeroOrOne: 0.0000000000; 0.9999998808
Symbol as_zoom_amount: 0.9999998808; 0.0000000000
Symbol as_mie_factor: 0.0000000000
Symbol speech_detector_probability: 0.52362
Symbol speech_detector_states: 0.00000; 0.52429; 0.52332
Symbol rear_speech_detector_probability: 0.50000
Symbol noise_detector_probability: 0.00000
Symbol broad_band_power_smoothed: 44.64844
Symbol pnr_env_state: 42.44313; 42.99524; 36.22764; 34.16544; 33.33601; 32.11439; 30.32904; 29.16599; 27.94025; 27.85611; 29.65939; 30.37507; 30.64392; 29.56094; 27.73765; 26.34873; 21.25522
Symbol pnr_amb_state: 42.68980; 43.38629; 36.79726; 34.70606; 33.87491; 32.79795; 31.07226; 29.44659; 28.09261; 28.30591; 29.74937; 31.31416; 32.49025; 31.09500; 29.15223; 27.38663; 22.70387
# Log data, timestamp 12:33:13
Symbol environmental_classifier_class_probabilities: 0.75336; 0.61185; 0.29648; 0.00012; 0.00012; 0.00012; 0.00012
Symbol warppower: 38.43750; 46.31250; 52.59375; 50.10938; 42.32813; 38.48438; 41.06250; 42.84375; 39.28125; 37.24219; 38.22656; 36.46875; 35.27344; 36.91406; 38.55469; 39.04688; 24.09375
Symbol as_mix_bassZeroOrOne: 0.0000000000; 0.9999998808
Symbol as_zoom_amount: 0.9999998808; 0.0000000000
Symbol as_mie_factor: 0.0000000000
Symbol speech_detector_probability: 0.60971
Symbol speech_detector_states: 0.00000; 0.62784; 0.60941
Symbol rear_speech_detector_probability: 0.50000
Symbol noise_detector_probability: 0.00003
Symbol broad_band_power_smoothed: 47.92969
Symbol pnr_env_state: 49.21684; 50.47139; 44.68534; 42.08428; 40.35623; 38.66374; 37.31511; 37.42734; 37.26803; 34.87720; 35.21528; 36.35967; 36.77246; 34.49837; 33.04095; 31.07544; 24.45784
Symbol pnr_amb_state: 47.00312; 47.88112; 41.66600; 39.88852; 38.91818; 37.46317; 35.65466; 33.66988; 32.33378; 31.95449; 33.09407; 34.33613; 34.73339; 32.65404; 30.85806; 28.64681; 22.73590
# Log data, timestamp 12:33:14
Symbol environmental_classifier_class_probabilities: 0.99997; 0.48703; 0.00000; 0.00000; 0.00000; 0.00000; 0.00000
Symbol warppower: 43.24219; 41.43750; 29.48438; 24.46875; 31.85156; 35.08594; 35.41406; 31.24219; 27.84375; 27.86719; 32.67188; 34.54688; 34.21875; 30.44531; 23.20313; 23.15625; 20.17969
Symbol as_mix_bassZeroOrOne: 0.0000000000; 0.9999998808
Symbol as_zoom_amount: 0.9999998808; 0.0000000000
Symbol as_mie_factor: 0.0000000000
Symbol speech_detector_probability: 0.48459
Symbol speech_detector_states: 0.00000; 0.55276; 0.48428
Symbol rear_speech_detector_probability: 0.50000
Symbol noise_detector_probability: 0.00003
Symbol broad_band_power_smoothed: 41.20313
Symbol pnr_env_state: 41.38015; 42.64845; 35.87217; 33.73815; 33.73086; 32.20574; 30.42730; 28.48344; 27.75381; 27.94668; 29.54348; 31.43744; 32.18743; 29.91020; 27.53631; 26.00514; 20.56264
Symbol pnr_amb_state: 41.69064; 42.88873; 36.27545; 34.15640; 33.94553; 33.24733; 31.52212; 29.55439; 28.27560; 28.49949; 30.12017; 31.93796; 32.73882; 30.66529; 28.33952; 26.66514; 21.39374
# Log data, timestamp 12:33:15
Symbol environmental_classifier_class_probabilities: 0.99976; 0.35947; 0.00000; 0.00021; 0.00000; 0.00021; 0.00000
Symbol warppower: 44.50781; 45.30469; 37.05469; 31.75781; 33.44531; 29.78906; 25.03125; 25.21875; 29.08594; 25.24219; 22.33594; 27.16406; 28.59375; 28.50000; 27.18750; 22.66406; 20.74219
Symbol as_mix_bassZeroOrOne: 0.0000000000; 0.9999998808
Symbol as_zoom_amount: 0.9999998808; 0.0000000000
Symbol as_mie_factor: 0.0000000000
Symbol speech_detector_probability: 0.35703
Symbol speech_detector_states: 0.00000; 0.47614; 0.35657
Symbol rear_speech_detector_probability: 0.50000
Symbol noise_detector_probability: 0.00000
Symbol broad_band_power_smoothed: 39.77344
Symbol pnr_env_state: 42.36287; 43.49398; 36.07476; 32.95407; 32.98204; 31.82025; 31.36243; 28.05571; 26.69932; 26.77487; 27.34792; 28.51282; 29.32642; 27.44495; 24.56769; 23.36198; 18.62416
Symbol pnr_amb_state: 41.43669; 42.50989; 35.73918; 33.49347; 33.28405; 32.77943; 30.84120; 28.62276; 27.17907; 26.96711; 27.82824; 29.09182; 29.78799; 27.89491; 25.83834; 23.95911; 18.89441
# Log data, timestamp 12:33:16
Symbol environmental_classifier_class_probabilities: 0.99997; 0.23831; 0.00000; 0.00000; 0.00000; 0.00000; 0.00000
Symbol warppower: 48.37500; 47.13281; 36.51563; 24.86719; 33.02344; 36.25781; 34.28906; 31.47656; 27.25781; 27.49219; 30.86719; 33.00000; 34.89844; 34.45313; 33.25781; 28.07813; 18.21094
Symbol as_mix_bassZeroOrOne: 0.0000000000; 0.9999998808
Symbol as_zoom_amount: 0.9999998808; 0.0000000000
Symbol as_mie_factor: 0.0000000000
Symbol speech_detector_probability: 0.23495
Symbol speech_detector_states: 0.00000; 0.40207; 0.23312
Symbol rear_speech_detector_probability: 0.50000
Symbol noise_detector_probability: 0.00012
Symbol broad_band_power_smoothed: 39.49219
Symbol pnr_env_state: 41.95104; 42.92705; 35.87860; 33.48656; 33.28928; 30.85897; 28.71654; 28.38453; 26.74244; 27.79603; 28.74995; 30.02007; 30.46268; 29.05083; 26.08545; 23.74612; 19.88815
Symbol pnr_amb_state: 41.77338; 42.77999; 35.97126; 33.80630; 33.27417; 32.37797; 30.58255; 28.47916; 27.06848; 27.04233; 27.98895; 29.30898; 29.96448; 28.12339; 26.16845; 23.95429; 18.97640
# Log data, timestamp 12:33:18
Symbol environmental_classifier_class_probabilities: 0.99997; 0.11166; 0.00000; 0.00000; 0.00000; 0.00000; 0.00000
Symbol warppower: 43.03125; 42.28125; 38.15625; 38.85938; 36.35156; 36.00000; 30.18750; 33.04688; 32.76563; 29.48438; 31.73438; 35.57813; 35.88281; 32.25000; 25.96875; 15.70313; 22.05469
Symbol as_mix_bassZeroOrOne: 0.0000000000; 0.9999998808
Symbol as_zoom_amount: 0.9999998808; 0.0000000000
Symbol as_mie_factor: 0.0000000000
Symbol speech_detector_probability: 0.10922
Symbol speech_detector_states: 0.00000; 0.32755; 0.10892
Symbol rear_speech_detector_probability: 0.50000
Symbol noise_detector_probability: 0.00012
Symbol broad_band_power_smoothed: 40.82813
Symbol pnr_env_state: 43.96690; 44.69982; 38.22734; 36.75805; 33.92623; 33.35611; 32.42743; 29.94628; 27.69044; 27.76806; 29.61216; 30.39278; 30.27191; 27.72110; 25.52787; 23.17863; 18.84461
Symbol pnr_amb_state: 42.19760; 43.27513; 37.01421; 35.22250; 34.55071; 33.96215; 32.58791; 30.64656; 28.77128; 28.79191; 30.56713; 31.81152; 31.58189; 28.96044; 26.67364; 24.63716; 19.93646
# Log data, timestamp 12:33:19
Symbol environmental_classifier_class_probabilities: 0.99985; 0.00000; 0.00000; 0.00000; 0.00000; 0.00012; 0.00000
Symbol warppower: 48.25781; 51.14063; 49.71094; 45.77344; 36.58594; 34.85156; 33.28125; 30.67969; 27.39844; 29.53125; 31.47656; 34.66406; 33.44531; 31.00781; 27.35156; 23.97656; 17.57813
Symbol as_mix_bassZeroOrOne: 0.0000000000; 0.9999998808
Symbol as_zoom_amount: 0.9999998808; 0.0000000000
Symbol as_mie_factor: 0.0000000000
Symbol speech_detector_probability: 0.00000
Symbol speech_detector_states: 0.00000; 0.25330; 0.00000
Symbol rear_speech_detector_probability: 0.50000
Symbol noise_detector_probability: 0.00012
Symbol broad_band_power_smoothed: 40.99219
Symbol pnr_env_state: 43.71113; 44.53647; 38.61695; 37.11001; 36.90725; 35.76861; 34.51231; 33.66536; 31.61494; 31.07605; 32.02322; 31.73541; 32.36757; 30.11907; 27.86021; 25.71770; 20.36232
Symbol pnr_amb_state: 42.15881; 43.22617; 37.31169; 35.69553; 35.65574; 35.12554; 33.24530; 31.13001; 29.76317; 29.87659; 30.77475; 32.19995; 32.81407; 30.54579; 28.51667; 26.32925; 21.28192
# Log data, timestamp 12:33:20
Symbol environmental_classifier_class_probabilities: 0.99994; 0.00000; 0.00000; 0.00000; 0.00000; 0.00003; 0.00000
Symbol warppower: 52.12500; 52.31250; 44.43750; 33.42188; 27.75000; 33.04688; 31.73438; 25.17188; 17.90625; 20.78906; 29.95313; 32.20313; 35.39063; 34.85156; 28.17188; 21.14063; 23.39063
Symbol as_mix_bassZeroOrOne: 0.0000000000; 0.9999998808
Symbol as_zoom_amount: 0.9999998808; 0.0000000000
Symbol as_mie_factor: 0.0000000000
Symbol speech_detector_probability: 0.00000
Symbol speech_detector_states: 0.00000; 0.18134; 0.00000
Symbol rear_speech_detector_probability: 0.50000
Symbol noise_detector_probability: 0.00000
Symbol broad_band_power_smoothed: 43.66406
Symbol pnr_env_state: 43.93022; 45.32158; 40.98477; 36.91056; 33.51432; 34.71022; 33.52897; 30.98086; 29.33758; 29.49849; 30.13495; 31.69940; 32.49011; 30.95115; 28.80234; 26.79271; 21.59447
Symbol pnr_amb_state: 43.66903; 45.08312; 39.36050; 37.23934; 36.44992; 35.57675; 34.12561; 31.93940; 30.48998; 30.29515; 30.99397; 32.40897; 33.04495; 31.04399; 28.92646; 27.15960; 22.04254
# Log data, timestamp 12:33:21
Symbol environmental_classifier_class_probabilities: 0.99997; 0.00000; 0.00000; 0.00000; 0.00000; 0.00000; 0.00000
Symbol warppower: 48.98438; 48.02344; 39.16406; 35.01563; 34.92188; 37.33594; 34.19531; 27.21094; 23.95313; 23.32031; 23.36719; 31.33594; 34.82813; 32.32031; 25.40625; 20.83594; 16.50000
Symbol as_mix_bassZeroOrOne: 0.0000000000; 0.9999998808
Symbol as_zoom_amount: 0.9999998808; 0.0000000000
Symbol as_mie_factor: 0.0000000000
Symbol speech_detector_probability: 0.00000
Symbol speech_detector_states: 0.00000; 0.10599; 0.00000
Symbol rear_speech_detector_probability: 0.50000
Symbol noise_detector_probability: 0.00021
Symbol broad_band_power_smoothed: 40.40625
Symbol pnr_env_state: 42.25669; 42.86194; 36.50596; 34.49140; 32.87864; 32.85698; 31.92198; 28.59750; 26.66986; 26.94230; 27.08324; 28.37689; 29.07849; 26.82288; 25.39306; 23.31125; 17.76525
Symbol pnr_amb_state: 41.63981; 42.65505; 36.50159; 34.78249; 33.54407; 33.02432; 32.25890; 29.44513; 27.38132; 27.15280; 27.35110; 28.57182; 29.39174; 27.72746; 25.91546; 23.61209; 18.42253
# Log data, timestamp 12:33:22
Symbol environmental_classifier_class_probabilities: 0.99976; 0.00000; 0.00000; 0.00000; 0.00000; 0.00021; 0.00000
Symbol warppower: 28.42969; 32.69531; 37.96875; 39.14063; 32.64844; 30.91406; 30.30469; 25.61719; 23.27344; 24.84375; 28.66406; 33.44531; 34.47656; 30.51563; 24.58594; 20.27344; 23.15625
Symbol as_mix_bassZeroOrOne: 0.0000000000; 0.9999998808
Symbol as_zoom_amount: 0.9999998808; 0.0000000000
Symbol as_mie_factor: 0.0000000000
Symbol speech_detector_probability: 0.00000
Symbol speech_detector_states: 0.00000; 0.03723; 0.00000
Symbol rear_speech_detector_probability: 0.50000
Symbol noise_detector_probability: 0.00012
Symbol broad_band_power_smoothed: 39.70313
Symbol pnr_env_state: 41.37898; 42.67802; 36.38347; 33.69136; 31.89436; 31.25384; 30.66619; 28.76746; 27.46568; 28.80815; 26.92373; 28.11789; 28.86972; 27.06627; 24.51184; 22.85919; 18.13454
Symbol pnr_amb_state: 41.51878; 42.66887; 36.33308; 34.07262; 32.97106; 32.24992; 31.45122; 29.14147; 27.32107; 26.99465; 27.07348; 28.24839; 28.90423; 27.20337; 25.19866; 23.01072; 17.89395
# Log data, timestamp 12:33:24
Symbol environmental_classifier_class_probabilities: 0.99997; 0.00000; 0.00000; 0.00000; 0.00000; 0.00000; 0.00000
Symbol warppower: 46.68750; 45.49219; 33.86719; 30.58594; 32.92969; 32.74219; 30.86719; 30.04688; 24.04688; 22.38281; 18.98438; 26.17969; 30.00000; 24.86719; 14.22656; 13.68750; 20.67188
Symbol as_mix_bassZeroOrOne: 0.0000000000; 0.9999998808
Symbol as_zoom_amount: 0.9999998808; 0.0000000000
Symbol as_mie_factor: 0.0000000000
Symbol speech_detector_probability: 0.00000
Symbol speech_detector_states: 0.00000; 0.00000; 0.00000
Symbol rear_speech_detector_probability: 0.50000
Symbol noise_detector_probability: 0.00021
Symbol broad_band_power_smoothed: 39.46875
Symbol pnr_env_state: 41.91573; 42.76602; 35.63194; 32.05936; 30.85530; 31.77436; 30.89951; 31.32910; 26.08369; 26.04709; 27.21207; 28.29979; 27.97034; 27.06483; 25.14841; 23.32078; 18.25574
Symbol pnr_amb_state: 41.58149; 42.58772; 35.85266; 33.19712; 32.53598; 32.86936; 32.40477; 29.74885; 27.10725; 26.54548; 26.70584; 28.28171; 28.99077; 27.08196; 25.12273; 22.95465; 18.06641
# Log data, timestamp 12:33:25
Symbol environmental_classifier_class_probabilities: 0.99997; 0.00000; 0.00000; 0.00000; 0.00000; 0.00000; 0.00000
Symbol warppower: 39.89063; 43.71094; 37.75781; 34.35938; 29.71875; 32.41406; 34.45313; 31.17188; 28.52344; 28.10156; 31.31250; 30.60938; 29.90625; 28.66406; 25.75781; 25.71094; 10.92188
Symbol as_mix_bassZeroOrOne: 0.0000000000; 0.9999998808
Symbol as_zoom_amount: 0.9999998808; 0.0000000000
Symbol as_mie_factor: 0.0000000000
Symbol speech_detector_probability: 0.00000
Symbol speech_detector_states: 0.00000; 0.00000; 0.00000
Symbol rear_speech_detector_probability: 0.50000
Symbol noise_detector_probability: 0.00021
Symbol broad_band_power_smoothed: 39.25781
Symbol pnr_env_state: 42.33944; 42.58880; 35.49164; 32.73123; 31.66613; 30.74707; 30.89500; 28.38870; 26.63042; 26.57650; 26.93719; 28.53920; 28.77125; 26.58424; 25.12619; 22.76025; 17.41088
Symbol pnr_amb_state: 41.70443; 42.62286; 35.61083; 32.82803; 32.03676; 32.11562; 31.20502; 28.73156; 26.75153; 26.57618; 26.88713; 28.25811; 28.72779; 26.71694; 24.97762; 22.90893; 17.58917
# Log data, timestamp 12:33:26
Symbol environmental_classifier_class_probabilities: 0.99994; 0.00000; 0.00000; 0.00000; 0.00000; 0.00003; 0.00000
Symbol warppower: 37.82813; 35.74219; 26.46094; 27.16406; 32.97656; 28.61719; 26.10938; 20.60156; 24.63281; 27.82031; 26.39063; 26.46094; 27.30469; 27.39844; 23.81250; 24.63281; 20.10938
Symbol as_mix_bassZeroOrOne: 0.0000000000; 0.9999998808
Symbol as_zoom_amount: 0.9999998808; 0.0000000000
Symbol as_mie_factor: 0.0000000000
Symbol speech_detector_probability: 0.00000
Symbol speech_detector_states: 0.00000; 0.00000; 0.00000
Symbol rear_speech_detector_probability: 0.50000
Symbol noise_detector_probability: 0.00000
Symbol broad_band_power_smoothed: 39.58594
Symbol pnr_env_state: 41.47198; 42.85162; 36.22590; 33.47883; 32.17545; 32.76803; 33.15145; 30.12330; 26.68657; 25.48538; 26.58647; 28.25141; 28.86290; 26.89676; 24.49968; 22.25217; 18.13888
Symbol pnr_amb_state: 42.03891; 42.75900; 35.81726; 33.00682; 32.16093; 32.29659; 31.73201; 29.02476; 26.58717; 26.26074; 26.61679; 28.09611; 28.85683; 26.79501; 24.83234; 22.79741; 17.92094
# Log data, timestamp 12:33:27
Symbol environmental_classifier_class_probabilities: 0.99985; 0.00000; 0.00000; 0.00000; 0.00000; 0.00012; 0.00000
Symbol warppower: 39.53906; 41.27344; 37.59375; 36.02344; 35.83594; 30.46875; 30.18750; 30.58594; 29.95313; 30.18750; 22.73438; 26.64844; 19.92188; 27.79688; 29.62500; 25.33594; 19.92188
Symbol as_mix_bassZeroOrOne: 0.0000000000; 0.9999998808
Symbol as_zoom_amount: 0.9999998808; 0.0000000000
Symbol as_mie_factor: 0.0000000000
Symbol speech_detector_probability: 0.00000
Symbol speech_detector_states: 0.00000; 0.00000; 0.00000
Symbol rear_speech_detector_probability: 0.50000
Symbol noise_detector_probability: 0.00003
Symbol broad_band_power_smoothed: 39.75000
Symbol pnr_env_state: 42.17552; 43.03360; 35.87771; 33.10572; 32.84730; 32.04770; 31.32395; 27.89293; 27.61093; 28.58896; 27.99713; 28.90104; 29.73281; 29.02365; 28.27474; 27.59710; 24.26304
Symbol pnr_amb_state: 41.73666; 42.67872; 35.82454; 33.03009; 32.43110; 32.30787; 31.44298; 28.99192; 27.17905; 27.24214; 27.43156; 28.88864; 29.70952; 28.16799; 26.57932; 24.33532; 18.99221
# Log data, timestamp 12:33:29
Symbol environmental_classifier_class_probabilities: 0.99997; 0.00000; 0.00000; 0.00000; 0.00000; 0.00000; 0.00000
Symbol warppower: 30.93750; 40.50000; 35.01563; 33.28125; 39.35156; 40.47656; 37.59375; 39.35156; 36.98438; 36.77344; 37.31250; 40.26563; 42.77344; 45.25781; 45.02344; 38.10938; 28.50000
Symbol as_mix_bassZeroOrOne: 0.0000000000; 0.9999998808
Symbol as_zoom_amount: 0.9999998808; 0.0000000000
Symbol as_mie_factor: 0.0000000000
Symbol speech_detector_probability: 0.00000
Symbol speech_detector_states: 0.00000; 0.00000; 0.00000
Symbol rear_speech_detector_probability: 0.50000
Symbol noise_detector_probability: 0.00000
Symbol broad_band_power_smoothed: 41.20313
Symbol pnr_env_state: 42.17177; 45.67220; 41.68577; 41.90826; 40.75736; 42.62177; 46.27893; 47.29695; 49.78894; 48.97049; 49.39327; 51.59310; 48.74834; 47.95616; 48.79061; 47.57229; 44.79910
Symbol pnr_amb_state: 41.79328; 43.34743; 37.12762; 34.58112; 33.55717; 33.43936; 32.66385; 30.33740; 28.49373; 28.45123; 28.82865; 30.27064; 30.97597; 29.29820; 27.27387; 25.06689; 19.92213
# Log data, timestamp 12:33:30
Symbol environmental_classifier_class_probabilities: 0.98428; 0.29074; 0.25284; 0.00003; 0.00003; 0.00003; 0.00003
Symbol warppower: 51.37500; 50.36719; 40.50000; 39.04688; 37.12500; 37.33594; 35.29688; 31.26563; 30.46875; 34.57031; 35.85938; 36.28125; 35.17969; 30.39844; 27.91406; 20.36719; 23.17969
Symbol as_mix_bassZeroOrOne: 0.0000000000; 0.9999998808
Symbol as_zoom_amount: 0.9999998808; 0.0000000000
Symbol as_mie_factor: 0.0000000000
Symbol speech_detector_probability: 0.28845
Symbol speech_detector_states: 0.00000; 0.29724; 0.28815
Symbol rear_speech_detector_probability: 0.50000
Symbol noise_detector_probability: 0.00000
Symbol broad_band_power_smoothed: 45.23438
Symbol pnr_env_state: 44.37862; 46.52104; 41.29448; 37.06003; 36.36318; 33.92579; 33.42386; 32.81926; 31.45851; 30.38595; 31.16344; 32.32227; 32.20530; 30.71924; 28.17116; 25.72598; 21.24486
Symbol pnr_amb_state: 44.65966; 46.35243; 40.59849; 37.73487; 35.91053; 35.16684; 34.08190; 32.86877; 31.26646; 30.49484; 30.53276; 31.40648; 32.17849; 30.23839; 28.15085; 25.67060; 20.44698
# Log data, timestamp 12:33:31
Symbol environmental_classifier_class_probabilities: 0.99994; 0.35849; 0.00000; 0.00003; 0.00000; 0.00003; 0.00000
Symbol warppower: 50.50781; 48.79688; 46.89844; 45.70313; 39.72656; 34.75781; 41.57813; 42.16406; 40.17188; 39.96094; 39.53906; 41.57813; 42.63281; 36.09375; 32.88281; 32.25000; 30.70313
Symbol as_mix_bassZeroOrOne: 0.0000000000; 0.9999998808
Symbol as_zoom_amount: 0.9999998808; 0.0000000000
Symbol as_mie_factor: 0.0000000000
Symbol speech_detector_probability: 0.35620
Symbol speech_detector_states: 0.00000; 0.37033; 0.35574
Symbol rear_speech_detector_probability: 0.50000
Symbol noise_detector_probability: 0.00000
Symbol broad_band_power_smoothed: 43.61719
Symbol pnr_env_state: 42.20626; 44.19398; 42.08542; 38.54147; 38.05329; 36.29170; 41.91674; 46.33376; 42.88394; 44.13787; 47.11615; 46.35361; 44.85837; 42.93309; 40.97956; 37.81045; 31.82714
Symbol pnr_amb_state: 41.93439; 43.82258; 38.62770; 36.68410; 35.78637; 35.35392; 33.97565; 32.44020; 31.55650; 30.94222; 31.37576; 32.64506; 33.30480; 31.25509; 29.50207; 27.54773; 22.43180
# Log data, timestamp 12:33:32
Symbol environmental_classifier_class_probabilities: 0.99994; 0.24558; 0.00000; 0.00003; 0.00000; 0.00003; 0.00000
Symbol warppower: 35.36719; 42.96094; 42.93750; 44.83594; 44.81250; 43.03125; 39.65625; 33.63281; 33.60938; 29.36719; 24.39844; 31.33594; 33.82031; 31.75781; 30.75000; 30.35156; 19.96875
Symbol as_mix_bassZeroOrOne: 0.0000000000; 0.9999998808
Symbol as_zoom_amount: 0.9999998808; 0.0000000000
Symbol as_mie_factor: 0.0000000000
Symbol speech_detector_probability: 0.24313
Symbol speech_detector_states: 0.00000; 0.30258; 0.24283
Symbol rear_speech_detector_probability: 0.50000
Symbol noise_detector_probability: 0.00000
Symbol broad_band_power_smoothed: 41.78906
Symbol pnr_env_state: 42.67371; 44.54827; 38.92111; 36.43315; 33.10293; 31.90404; 32.57616; 31.59974; 30.18870; 28.82704; 30.77558; 32.31089; 32.50130; 29.73076; 26.88423; 24.01092; 16.10255
Symbol pnr_amb_state: 42.08205; 43.28384; 37.67232; 35.58808; 34.04896; 33.43771; 32.87469; 32.28788; 31.20916; 30.31288; 31.38880; 32.85860; 33.00778; 30.30470; 27.60503; 24.71251; 19.21784
# Log data, timestamp 12:33:33
Symbol environmental_classifier_class_probabilities: 0.99985; 0.12747; 0.00000; 0.00012; 0.00000; 0.00012; 0.00000
Symbol warppower: 45.70313; 45.46875; 34.59375; 30.16406; 26.64844; 26.55469; 30.25781; 33.00000; 33.16406; 31.10156; 30.98438; 34.10156; 35.41406; 30.77344; 27.72656; 26.67188; 20.69531
Symbol as_mix_bassZeroOrOne: 0.0000000000; 0.9999998808
Symbol as_zoom_amount: 0.9999998808; 0.0000000000
Symbol as_mie_factor: 0.0000000000
Symbol speech_detector_probability: 0.12503
Symbol speech_detector_states: 0.00000; 0.23172; 0.12473
Symbol rear_speech_detector_probability: 0.50000
Symbol noise_detector_probability: 0.00000
Symbol broad_band_power_smoothed: 41.06250
Symbol pnr_env_state: 43.04683; 43.77174; 37.09744; 34.59079; 36.06885; 36.96468; 36.13770; 32.53797; 30.71276; 35.30160; 35.61420; 35.87219; 34.33624; 33.09453; 32.77773; 32.76743; 29.54745
Symbol pnr_amb_state: 42.17227; 43.25181; 36.86584; 34.66860; 34.09974; 33.75495; 32.57837; 31.20152; 29.72965; 28.87665; 29.89398; 31.50390; 31.92343; 29.26170; 26.94092; 24.52367; 18.77460
# Log data, timestamp 12:33:35
Symbol environmental_classifier_class_probabilities: 0.99997; 0.29053; 0.00000; 0.00000; 0.00000; 0.00000; 0.00000
Symbol warppower: 37.78125; 45.28125; 46.68750; 43.71094; 30.98438; 35.08594; 39.25781; 36.35156; 33.21094; 31.19531; 26.29688; 36.32813; 38.88281; 36.75000; 37.17188; 35.10938; 34.33594
Symbol as_mix_bassZeroOrOne: 0.0000000000; 0.9999998808
Symbol as_zoom_amount: 0.9999998808; 0.0000000000
Symbol as_mie_factor: 0.0000000000
Symbol speech_detector_probability: 0.29968
Symbol speech_detector_states: 0.00000; 0.30029; 0.30029
Symbol rear_speech_detector_probability: 0.50000
Symbol noise_detector_probability: 0.00000
Symbol broad_band_power_smoothed: 43.26563
Symbol pnr_env_state: 45.90705; 47.01829; 42.77289; 37.80509; 36.03036; 33.71321; 32.31718; 31.85266; 30.87828; 30.63219; 32.04191; 35.01949; 36.88174; 34.44045; 30.92498; 30.59575; 26.14867
Symbol pnr_amb_state: 43.19718; 44.23353; 38.54024; 37.02860; 36.37204; 35.85021; 34.01447; 31.94886; 29.71317; 29.22147; 30.52937; 32.35541; 33.07928; 30.69238; 28.59168; 26.09561; 20.96208
# Log data, timestamp 12:33:36
Symbol environmental_classifier_class_probabilities: 0.69754; 0.43314; 0.33337; 0.00000; 0.00000; 0.00000; 0.00000
Symbol warppower: 96.11719; 100.80469; 100.03125; 96.00000; 90.49219; 92.22656; 94.73438; 90.42188; 82.07813; 81.67969; 76.94531; 74.17969; 71.81250; 62.90625; 51.75000; 41.85938; 31.31250
Symbol as_mix_bassZeroOrOne: 0.0000000000; 0.9999998808
Symbol as_zoom_amount: 0.9999998808; 0.0000000000
Symbol as_mie_factor: 0.0000000000
Symbol speech_detector_probability: 0.43069
Symbol speech_detector_states: 0.00006; 0.44504; 0.43039
Symbol rear_speech_detector_probability: 0.50000
Symbol noise_detector_probability: 0.00003
Symbol broad_band_power_smoothed: 50.43750
Symbol pnr_env_state: 92.93253; 96.71558; 95.28902; 97.86883; 92.04374; 88.63012; 83.71591; 87.18158; 86.67035; 85.70806; 84.70965; 80.80800; 73.42747; 66.78033; 55.35645; 43.68345; 34.62774
Symbol pnr_amb_state: 50.91000; 52.48469; 47.20729; 45.05341; 43.90220; 43.02707; 41.67404; 40.05534; 38.14586; 37.53957; 39.05688; 40.67776; 41.33168; 39.18406; 36.26338; 33.81420; 27.70532
# Log data, timestamp 12:33:37
Symbol environmental_classifier_class_probabilities: 0.68188; 0.31808; 0.31808; 0.00000; 0.00000; 0.00000; 0.00000
Symbol warppower: 74.46094; 96.51563; 101.13281; 96.44531; 87.63281; 89.03906; 86.39063; 84.60938; 82.87500; 78.37500; 71.60156; 61.50000; 52.85156; 45.77344; 42.42188; 40.10156; 26.97656
Symbol as_mix_bassZeroOrOne: 0.0000000000; 0.9999998808
Symbol as_zoom_amount: 0.9999998808; 0.0000000000
Symbol as_mie_factor: 0.0000000000
Symbol speech_detector_probability: 0.31442
Symbol speech_detector_states: 0.00000; 0.37491; 0.31351
Symbol rear_speech_detector_probability: 0.50000
Symbol noise_detector_probability: 0.00021
Symbol broad_band_power_smoothed: 59.48438
Symbol pnr_env_state: 88.30244; 94.09391; 93.77911; 90.02461; 84.17435; 73.99806; 65.33732; 57.04042; 51.67260; 49.97134; 47.21413; 49.55354; 47.90495; 45.06766; 42.46463; 38.32215; 31.35076
Symbol pnr_amb_state: 61.85401; 63.65884; 59.38712; 57.55479; 56.37631; 56.04933; 54.40614; 52.31226; 49.80237; 48.30400; 48.41132; 48.88939; 48.57994; 45.93040; 42.48099; 38.11655; 31.76594
# Log data, timestamp 12:33:38
Symbol environmental_classifier_class_probabilities: 0.63223; 0.36774; 0.36774; 0.00021; 0.00021; 0.00021; 0.00021
Symbol warppower: 40.89844; 39.02344; 32.71875; 40.19531; 45.04688; 45.16406; 40.45313; 43.21875; 39.58594; 34.05469; 36.51563; 38.22656; 37.61719; 38.53125; 35.92969; 33.30469; 28.26563
Symbol as_mix_bassZeroOrOne: 0.0000000000; 0.9999998808
Symbol as_zoom_amount: 0.9999998808; 0.0000000000
Symbol as_mie_factor: 0.0000000000
Symbol speech_detector_probability: 0.36545
Symbol speech_detector_states: 0.00000; 0.37213; 0.36499
Symbol rear_speech_detector_probability: 0.50000
Symbol noise_detector_probability: 0.00000
Symbol broad_band_power_smoothed: 56.69531
Symbol pnr_env_state: 44.93735; 46.30196; 40.37106; 38.02139; 36.58179; 35.72346; 35.04655; 35.99418; 35.60064; 32.47065; 31.82199; 35.02208; 36.10600; 33.07015; 30.54472; 28.68999; 23.65057
Symbol pnr_amb_state: 47.14783; 48.40171; 42.60692; 40.55156; 39.21835; 38.60452; 38.10796; 38.67603; 37.69638; 35.74171; 35.91817; 38.54617; 39.16143; 36.04067; 33.74065; 30.82558; 24.71242
# Log data, timestamp 12:33:39
Symbol environmental_classifier_class_probabilities: 0.52625; 0.47372; 0.41788; 0.00012; 0.00012; 0.00012; 0.00012
Symbol warppower: 89.25000; 92.06250; 87.14063; 85.87500; 85.64063; 80.03906; 80.78906; 72.09375; 61.03125; 53.43750; 53.17969; 50.17969; 48.18750; 45.30469; 38.85938; 28.82813; 19.03125
Symbol as_mix_bassZeroOrOne: 0.0000000000; 0.9999998808
Symbol as_zoom_amount: 0.9999998808; 0.0000000000
Symbol as_mie_factor: 0.0000000000
Symbol speech_detector_probability: 0.47113
Symbol speech_detector_states: 0.00003; 0.47385; 0.47067
Symbol rear_speech_detector_probability: 0.50000
Symbol noise_detector_probability: 0.00021
Symbol broad_band_power_smoothed: 55.45313
Symbol pnr_env_state: 90.01724; 94.89406; 94.53197; 93.46566; 87.57539; 84.05476; 76.57261; 68.66823; 63.40428; 57.27053; 49.71665; 47.76051; 46.09376; 41.44515; 38.81865; 34.74834; 29.62468
Symbol pnr_amb_state: 48.72990; 50.47603; 44.79091; 41.99488; 40.37169; 39.22339; 37.58612; 36.32820; 35.11916; 34.37969; 35.21120; 37.54379; 39.03057; 37.97874; 35.73748; 32.42387; 26.54077
# Log data, timestamp 12:33:40
Symbol environmental_classifier_class_probabilities: 0.43942; 0.54797; 0.45200; 0.00000; 0.00000; 0.00000; 0.00000
Symbol warppower: 65.34375; 67.00781; 64.31250; 63.53906; 59.25000; 64.64063; 69.28125; 65.81250; 70.71094; 76.80469; 80.43750; 80.39063; 75.75000; 69.65625; 68.34375; 65.48438; 48.11719
Symbol as_mix_bassZeroOrOne: 0.0000000000; 0.9999998808
Symbol as_zoom_amount: 0.9999998808; 0.0000000000
Symbol as_mie_factor: 0.0000000000
Symbol speech_detector_probability: 0.57031
Symbol speech_detector_states: 0.00000; 0.57092; 0.57092
Symbol rear_speech_detector_probability: 0.50000
Symbol noise_detector_probability: 0.00000
Symbol broad_band_power_smoothed: 57.42188
Symbol pnr_env_state: 60.84415; 65.46652; 67.35315; 71.02971; 67.69290; 65.09964; 65.09097; 66.90821; 64.39954; 62.68787; 60.24964; 59.52088; 58.76969; 59.17307; 58.19050; 53.94634; 44.65786
Symbol pnr_amb_state: 50.13772; 52.17196; 47.05338; 43.41261; 40.99343; 40.54821; 39.54321; 38.61965; 37.42919; 37.34073; 39.04523; 41.34162; 42.53592; 41.39176; 38.73079; 34.92880; 29.34428
# Log data, timestamp 12:33:42
Symbol environmental_classifier_class_probabilities: 0.67291; 0.46838; 0.33337; 0.00003; 0.00003; 0.00003; 0.00003
Symbol warppower: 32.39063; 38.88281; 32.90625; 34.87500; 36.70313; 39.09375; 36.82031; 29.88281; 29.90625; 30.60938; 28.71094; 28.40625; 28.78125; 24.28125; 27.82031; 30.86719; 21.96094
Symbol as_mix_bassZeroOrOne: 0.0000000000; 0.9999998808
Symbol as_zoom_amount: 0.9999998808; 0.0000000000
Symbol as_mie_factor: 0.0000000000
Symbol speech_detector_probability: 0.46594
Symbol speech_detector_states: 0.00000; 0.51093; 0.46564
Symbol rear_speech_detector_probability: 0.50000
Symbol noise_detector_probability: 0.00021
Symbol broad_band_power_smoothed: 49.87500
Symbol pnr_env_state: 42.12615; 43.37618; 37.69599; 34.23632; 34.18023; 34.29314; 33.14193; 29.84135; 30.07915; 31.13179; 31.43599; 32.03334; 32.56561; 30.59035; 30.12797; 31.18514; 22.89961
Symbol pnr_amb_state: 43.07279; 44.44622; 38.29750; 35.63233; 35.22591; 35.12078; 33.27899; 31.31103; 30.15312; 30.43006; 31.77133; 33.26041; 33.95610; 32.00810; 30.81823; 30.38732; 25.31484
# Log data, timestamp 12:33:43
Symbol environmental_classifier_class_probabilities: 0.99997; 0.35150; 0.00000; 0.00000; 0.00000; 0.00000; 0.00000
Symbol warppower: 29.60156; 39.46875; 36.79688; 30.84375; 29.41406; 26.17969; 16.35938; 23.27344; 26.32031; 26.81250; 28.47656; 34.19531; 34.85156; 30.72656; 29.74219; 28.05469; 18.58594
Symbol as_mix_bassZeroOrOne: 0.0000000000; 0.9999998808
Symbol as_zoom_amount: 0.9999998808; 0.0000000000
Symbol as_mie_factor: 0.0000000000
Symbol speech_detector_probability: 0.34937
Symbol speech_detector_states: 0.00000; 0.44098; 0.34906
Symbol rear_speech_detector_probability: 0.50000
Symbol noise_detector_probability: 0.00003
Symbol broad_band_power_smoothed: 42.25781
Symbol pnr_env_state: 41.82129; 42.53339; 35.58792; 33.52313; 33.22283; 32.83615; 30.95593; 28.00772; 25.64467; 26.00179; 27.44754; 29.26327; 30.04596; 27.34641; 25.01508; 23.25919; 18.25680
Symbol pnr_amb_state: 41.72527; 42.61869; 35.53988; 33.43006; 33.78478; 33.63929; 31.27226; 28.47374; 26.33575; 26.55793; 27.97363; 29.69450; 30.29543; 27.90542; 25.77705; 24.00216; 18.78496
# Log data, timestamp 12:33:44
Symbol environmental_classifier_class_probabilities: 0.99997; 0.22546; 0.00000; 0.00000; 0.00000; 0.00000; 0.00000
Symbol warppower: 49.17188; 49.40625; 41.01563; 33.37500; 34.85156; 36.65625; 29.74219; 22.71094; 16.33594; 22.80469; 30.16406; 35.46094; 36.75000; 32.67188; 27.42188; 27.09375; 23.90625
Symbol as_mix_bassZeroOrOne: 0.0000000000; 0.9999998808
Symbol as_zoom_amount: 0.9999998808; 0.0000000000
Symbol as_mie_factor: 0.0000000000
Symbol speech_detector_probability: 0.22333
Symbol speech_detector_states: 0.00000; 0.36536; 0.22302
Symbol rear_speech_detector_probability: 0.50000
Symbol noise_detector_probability: 0.00000
Symbol broad_band_power_smoothed: 39.98438
Symbol pnr_env_state: 43.09047; 43.62076; 35.57908; 33.09268; 33.54854; 33.77433; 30.71424; 27.98524; 27.00226; 27.42513; 28.76535; 31.25314; 32.04219; 30.39409; 28.41799; 26.53843; 21.06815
Symbol pnr_amb_state: 41.85273; 42.65974; 35.41196; 33.21018; 34.10136; 34.02092; 31.35781; 28.33819; 26.28671; 26.50441; 27.62756; 29.54102; 30.30255; 27.69010; 25.70522; 23.86180; 18.65798
# Log data, timestamp 12:33:45
Symbol environmental_classifier_class_probabilities: 0.99997; 0.11346; 0.00000; 0.00000; 0.00000; 0.00000; 0.00000
Symbol warppower: 41.62500; 41.36719; 31.96875; 23.88281; 34.28906; 38.36719; 33.89063; 30.02344; 31.38281; 31.68750; 28.99219; 26.03906; 25.26563; 23.62500; 23.15625; 19.42969; 19.07813
Symbol as_mix_bassZeroOrOne: 0.0000000000; 0.9999998808
Symbol as_zoom_amount: 0.9999998808; 0.0000000000
Symbol as_mie_factor: 0.0000000000
Symbol speech_detector_probability: 0.11163
Symbol speech_detector_states: 0.00000; 0.29834; 0.11133
Symbol rear_speech_detector_probability: 0.50000
Symbol noise_detector_probability: 0.00021
Symbol broad_band_power_smoothed: 39.75000
Symbol pnr_env_state: 40.23952; 42.06401; 35.20870; 32.62377; 32.73112; 32.20765; 29.90751; 27.71933; 28.11387; 28.05887; 29.80528; 30.18423; 30.54743; 29.22310; 27.20857; 24.92890; 20.37449
Symbol pnr_amb_state: 41.63144; 42.76913; 35.73205; 33.20973; 33.37688; 33.22920; 30.82929; 28.33822; 26.64902; 26.63179; 27.68891; 29.19319; 30.08659; 27.68427; 25.44742; 23.64580; 18.41152
# Log data, timestamp 12:33:46
Symbol environmental_classifier_class_probabilities: 0.99994; 0.00000; 0.00000; 0.00000; 0.00000; 0.00003; 0.00000
Symbol warppower: 48.60938; 47.08594; 37.87500; 38.74219; 38.83594; 37.33594; 31.47656; 31.87500; 33.37500; 32.90625; 30.79688; 28.68750; 27.44531; 26.46094; 25.57031; 20.64844; 3.96094
Symbol as_mix_bassZeroOrOne: 0.0000000000; 0.9999998808
Symbol as_zoom_amount: 0.9999998808; 0.0000000000
Symbol as_mie_factor: 0.0000000000
Symbol speech_detector_probability: 0.00000
Symbol speech_detector_states: 0.00000; 0.23004; 0.00000
Symbol rear_speech_detector_probability: 0.50000
Symbol noise_detector_probability: 0.00003
Symbol broad_band_power_smoothed: 39.60938
Symbol pnr_env_state: 41.51693; 43.00105; 36.15177; 33.22555; 33.06618; 32.39063; 31.54618; 28.93862; 26.70521; 27.28763; 27.47338; 28.88654; 29.47973; 27.23752; 24.47598; 22.31239; 17.76405
Symbol pnr_amb_state: 41.74387; 42.85880; 35.84183; 33.42113; 33.54681; 33.26867; 31.06092; 28.49034; 26.67844; 26.99533; 27.83687; 28.99256; 29.50573; 27.41872; 25.17971; 22.98564; 17.97323
# Log data, timestamp 12:33:47
Symbol environmental_classifier_class_probabilities: 0.99985; 0.00000; 0.00000; 0.00000; 0.00000; 0.00012; 0.00000
Symbol warppower: 47.25000; 46.52344; 37.57031; 33.65625; 32.60156; 34.03125; 31.26563; 25.42969; 24.79688; 29.06250; 28.78125; 26.15625; 25.64063; 27.02344; 27.51563; 26.92969; 20.55469
Symbol as_mix_bassZeroOrOne: 0.0000000000; 0.9999998808
Symbol as_zoom_amount: 0.9999998808; 0.0000000000
Symbol as_mie_factor: 0.0000000000
Symbol speech_detector_probability: 0.00000
Symbol speech_detector_states: 0.00000; 0.16266; 0.00000
Symbol rear_speech_detector_probability: 0.50000
Symbol noise_detector_probability: 0.00000
Symbol broad_band_power_smoothed: 39.75000
Symbol pnr_env_state: 40.95141; 42.36540; 35.55893; 33.56883; 33.91188; 33.71287; 29.63907; 28.02350; 26.60750; 27.17914; 27.75737; 28.74920; 29.30040; 27.82843; 24.53374; 22.94999; 17.96944
Symbol pnr_amb_state: 41.46298; 42.68694; 35.88988; 33.76107; 33.68778; 32.89690; 30.35796; 28.11610; 26.55652; 26.58591; 27.33281; 28.83530; 29.51173; 27.17988; 24.83453; 22.79817; 17.71176
# Log data, timestamp 12:33:49
Symbol environmental_classifier_class_probabilities: 0.99976; 0.00000; 0.00000; 0.00000; 0.00000; 0.00021; 0.00000
Symbol warppower: 21.58594; 33.98438; 32.48438; 35.95313; 37.66406; 31.17188; 31.52344; 31.33594; 22.12500; 25.07813; 27.35156; 30.67969; 31.99219; 28.64063; 28.87500; 25.68750; 23.90625
Symbol as_mix_bassZeroOrOne: 0.0000000000; 0.9999998808
Symbol as_zoom_amount: 0.9999998808; 0.0000000000
Symbol as_mie_factor: 0.0000000000
Symbol speech_detector_probability: 0.00000
Symbol speech_detector_states: 0.00000; 0.09546; 0.00000
Symbol rear_speech_detector_probability: 0.50000
Symbol noise_detector_probability: 0.00000
Symbol broad_band_power_smoothed: 39.86719
Symbol pnr_env_state: 41.85874; 42.53888; 34.94657; 33.51946; 32.98112; 34.14453; 32.22401; 26.99345; 26.50908; 26.68298; 27.32077; 29.08247; 29.11928; 27.16978; 25.58415; 23.34999; 18.08754
Symbol pnr_amb_state: 41.60512; 42.60266; 35.58517; 33.54443; 34.15132; 33.56314; 30.61629; 28.13002; 26.82690; 26.92213; 27.72611; 29.36412; 29.83939; 27.52661; 25.65662; 23.60760; 18.32487
# Log data, timestamp 12:33:50
Symbol environmental_classifier_class_probabilities: 0.99985; 0.00000; 0.00000; 0.00000; 0.00000; 0.00012; 0.00000
Symbol warppower: 34.92188; 35.76563; 27.75000; 31.78125; 35.25000; 33.25781; 28.21875; 24.11719; 29.67188; 29.08594; 27.49219; 30.32813; 30.46875; 27.96094; 23.71875; 20.55469; 22.05469
Symbol as_mix_bassZeroOrOne: 0.0000000000; 0.9999998808
Symbol as_zoom_amount: 0.9999998808; 0.0000000000
Symbol as_mie_factor: 0.0000000000
Symbol speech_detector_probability: 0.00000
Symbol speech_detector_states: 0.00000; 0.02249; 0.00000
Symbol rear_speech_detector_probability: 0.50000
Symbol noise_detector_probability: 0.00000
Symbol broad_band_power_smoothed: 39.53906
Symbol pnr_env_state: 41.42742; 42.45004; 35.40510; 32.26407; 32.65682; 31.52848; 28.62695; 27.59919; 26.78104; 26.31554; 27.36389; 28.84016; 29.24358; 27.04752; 25.37953; 24.08270; 19.25511
Symbol pnr_amb_state: 41.54631; 42.48859; 35.35420; 33.49016; 33.87658; 33.26551; 30.70110; 28.04223; 26.30783; 26.33790; 27.34688; 28.71958; 29.42676; 27.33157; 25.13628; 23.09935; 17.87515
# Log data, timestamp 12:33:51
Symbol environmental_classifier_class_probabilities: 0.99976; 0.00000; 0.00000; 0.00000; 0.00000; 0.00021; 0.00000
Symbol warppower: 31.14844; 35.46094; 28.14844; 34.17188; 40.80469; 41.32031; 36.18750; 29.76563; 31.12500; 32.81250; 31.85156; 30.93750; 32.83594; 31.05469; 26.64844; 24.14063; 17.76563
Symbol as_mix_bassZeroOrOne: 0.0000000000; 0.9999998808
Symbol as_zoom_amount: 0.9999998808; 0.0000000000
Symbol as_mie_factor: 0.0000000000
Symbol speech_detector_probability: 0.00000
Symbol speech_detector_states: 0.00000; 0.00000; 0.00000
Symbol rear_speech_detector_probability: 0.50000
Symbol noise_detector_probability: 0.00003
Symbol broad_band_power_smoothed: 39.58594
Symbol pnr_env_state: 40.03824; 41.84691; 35.66031; 33.57409; 34.10084; 34.04804; 32.05439; 28.54618; 26.58178; 26.87018; 27.80983; 29.69655; 29.76028; 27.21701; 25.26918; 23.34119; 19.93319
Symbol pnr_amb_state: 41.14276; 42.29361; 35.58165; 33.70923; 34.14138; 33.53316; 30.71752; 27.96683; 26.54607; 26.90185; 27.63687; 29.43275; 29.73960; 27.19760; 25.19646; 23.21589; 18.38571
# Log data, timestamp 12:33:52
Symbol environmental_classifier_class_probabilities: 0.99985; 0.00000; 0.00000; 0.00000; 0.00000; 0.00012; 0.00000
Symbol warppower: 34.33594; 38.50781; 36.77344; 31.05469; 25.14844; 26.17969; 33.07031; 31.92188; 25.87500; 28.71094; 29.39063; 29.62500; 28.33594; 28.80469; 29.22656; 25.87500; 20.57813
Symbol as_mix_bassZeroOrOne: 0.0000000000; 0.9999998808
Symbol as_zoom_amount: 0.9999998808; 0.0000000000
Symbol as_mie_factor: 0.0000000000
Symbol speech_detector_probability: 0.00000
Symbol speech_detector_states: 0.00000; 0.00000; 0.00000
Symbol rear_speech_detector_probability: 0.50000
Symbol noise_detector_probability: 0.00000
Symbol broad_band_power_smoothed: 38.74219
Symbol pnr_env_state: 40.38322; 42.02222; 34.75832; 33.04353; 33.15048; 31.37153; 29.95989; 26.95789; 26.07304; 26.36112; 27.67546; 29.20802; 29.55440; 27.36172; 25.18687; 22.84109; 16.08507
Symbol pnr_amb_state: 41.77766; 42.47137; 35.21666; 33.33116; 34.02080; 33.13521; 30.04502; 27.31337; 26.23564; 26.73918; 27.57124; 28.95223; 29.44378; 27.13734; 24.98735; 22.69105; 17.53113
# Log data, timestamp 12:33:53
Symbol environmental_classifier_class_probabilities: 0.99997; 0.00000; 0.00000; 0.00000; 0.00000; 0.00000; 0.00000
Symbol warppower: 48.25781; 47.81250; 38.90625; 37.03125; 37.03125; 33.60938; 33.28125; 30.28125; 31.64063; 35.25000; 34.28906; 34.42969; 34.54688; 30.30469; 26.76563; 21.75000; 25.61719
Symbol as_mix_bassZeroOrOne: 0.0000000000; 0.9999998808
Symbol as_zoom_amount: 0.9999998808; 0.0000000000
Symbol as_mie_factor: 0.0000000000
Symbol speech_detector_probability: 0.00000
Symbol speech_detector_states: 0.00000; 0.00000; 0.00000
Symbol rear_speech_detector_probability: 0.50000
Symbol noise_detector_probability: 0.00000
Symbol broad_band_power_smoothed: 41.48438
Symbol pnr_env_state: 41.35767; 43.36495; 39.56290; 37.72494; 36.97895; 35.55001; 34.54129; 32.50493; 33.04796; 34.46637; 36.74423; 39.70337; 38.71899; 37.80878; 36.55834; 32.06883; 27.35444
Symbol pnr_amb_state: 41.87147; 43.27736; 37.65622; 35.60035; 35.52051; 34.71434; 32.32713; 30.13094; 29.58938; 30.73552; 31.75285; 33.23915; 33.91238; 32.01867; 29.71798; 26.82912; 21.45233
# Log data, timestamp 12:33:55
Symbol environmental_classifier_class_probabilities: 0.99994; 0.00000; 0.00000; 0.00000; 0.00000; 0.00003; 0.00000
Symbol warppower: 47.01563; 48.25781; 41.39063; 35.71875; 40.52344; 41.64844; 38.46094; 34.14844; 31.12500; 29.13281; 28.66406; 28.24219; 27.93750; 28.40625; 29.27344; 28.05469; 22.07813
Symbol as_mix_bassZeroOrOne: 0.0000000000; 0.9999998808
Symbol as_zoom_amount: 0.9999998808; 0.0000000000
Symbol as_mie_factor: 0.0000000000
Symbol speech_detector_probability: 0.00000
Symbol speech_detector_states: 0.00000; 0.02243; 0.00000
Symbol rear_speech_detector_probability: 0.50000
Symbol noise_detector_probability: 0.00000
Symbol broad_band_power_smoothed: 43.14844
Symbol pnr_env_state: 43.32232; 44.68312; 38.77314; 34.96513; 34.24458; 33.34625; 31.71732; 29.56605; 28.17793; 28.85833; 29.99831; 31.18606; 31.33971; 28.82556; 26.60462; 24.11089; 18.79776
Symbol pnr_amb_state: 42.69553; 44.27480; 38.35016; 35.68077; 35.00752; 34.33093; 32.64474; 30.79608; 29.58527; 30.25386; 31.25981; 32.38552; 32.42079; 29.97063; 27.65481; 24.95331; 19.58599
# Log data, timestamp 12:33:56
Symbol environmental_classifier_class_probabilities: 0.99997; 0.00000; 0.00000; 0.00000; 0.00000; 0.00000; 0.00000
Symbol warppower: 42.02344; 41.17969; 31.99219; 31.38281; 34.33594; 31.40625; 32.03906; 28.03125; 30.60938; 31.64063; 30.51563; 27.44531; 27.49219; 26.15625; 22.00781; 20.88281; 20.03906
Symbol as_mix_bassZeroOrOne: 0.0000000000; 0.9999998808
Symbol as_zoom_amount: 0.9999998808; 0.0000000000
Symbol as_mie_factor: 0.0000000000
Symbol speech_detector_probability: 0.00000
Symbol speech_detector_states: 0.00000; 0.00000; 0.00000
Symbol rear_speech_detector_probability: 0.50000
Symbol noise_detector_probability: 0.00012
Symbol broad_band_power_smoothed: 40.19531
Symbol pnr_env_state: 42.21378; 42.85491; 35.44705; 33.23293; 33.96649; 31.86942; 29.94836; 27.36778; 26.27812; 26.55864; 28.23167; 29.30379; 29.75533; 27.42081; 25.52719; 23.25765; 17.20032
Symbol pnr_amb_state: 42.34480; 43.12549; 35.78845; 33.28172; 33.12249; 32.46844; 30.22549; 27.93556; 26.59964; 27.04521; 28.29128; 29.85936; 30.03958; 27.67434; 25.69353; 23.67199; 18.40517
# Log data, timestamp 12:33:57
Symbol environmental_classifier_class_probabilities: 0.99997; 0.00000; 0.00000; 0.00000; 0.00000; 0.00000; 0.00000
Symbol warppower: 45.77344; 44.48438; 32.60156; 27.84375; 31.68750; 34.19531; 31.80469; 30.14063; 27.93750; 26.22656; 13.03125; 28.73438; 29.39063; 25.71094; 20.13281; 17.74219; 23.92969
Symbol as_mix_bassZeroOrOne: 0.0000000000; 0.9999998808
Symbol as_zoom_amount: 0.9999998808; 0.0000000000
Symbol as_mie_factor: 0.0000000000
Symbol speech_detector_probability: 0.00000
Symbol speech_detector_states: 0.00000; 0.00000; 0.00000
Symbol rear_speech_detector_probability: 0.50000
Symbol noise_detector_probability: 0.00000
Symbol broad_band_power_smoothed: 39.37500
Symbol pnr_env_state: 42.20164; 42.90942; 35.45525; 33.05692; 33.09752; 32.65192; 30.71367; 26.87476; 26.54771; 27.39536; 28.29558; 29.10555; 29.51885; 27.47710; 25.33227; 24.26333; 18.36604
Symbol pnr_amb_state: 42.19569; 43.02361; 35.47009; 33.28271; 33.06882; 32.51259; 30.19291; 27.92173; 26.21306; 26.51394; 27.70756; 29.17514; 29.40808; 27.31411; 25.49902; 23.40574; 18.18550
# Log data, timestamp 12:33:58
Symbol environmental_classifier_class_probabilities: 0.99997; 0.00000; 0.00000; 0.00000; 0.00000; 0.00000; 0.00000
Symbol warppower: 45.30469; 45.49219; 39.16406; 35.32031; 34.85156; 34.42969; 28.50000; 24.11719; 28.52344; 29.25000; 28.87500; 27.58594; 31.31250; 26.46094; 19.52344; 19.28906; 18.86719
Symbol as_mix_bassZeroOrOne: 0.0000000000; 0.9999998808
Symbol as_zoom_amount: 0.9999998808; 0.0000000000
Symbol as_mie_factor: 0.0000000000
Symbol speech_detector_probability: 0.00000
Symbol speech_detector_states: 0.00000; 0.00000; 0.00000
Symbol rear_speech_detector_probability: 0.50000
Symbol noise_detector_probability: 0.00012
Symbol broad_band_power_smoothed: 39.07031
Symbol pnr_env_state: 40.75364; 41.90775; 34.53101; 32.24398; 32.80752; 32.00043; 29.01121; 26.39095; 25.63745; 25.73390; 26.80634; 28.52250; 29.14246; 27.19232; 25.53471; 23.65629; 19.19748
Symbol pnr_amb_state: 41.46918; 42.47235; 35.25080; 32.99614; 33.27088; 32.60151; 29.95726; 27.51242; 26.05446; 25.98292; 27.19376; 28.98470; 29.30081; 27.23885; 25.46816; 23.43846; 18.21390
